<?xml version="1.0" encoding="UTF-8"?>
<coverage generated="1780358669377" clover="3.2.0">
  <project timestamp="1780358669377" name="All files">
    <metrics statements="58" coveredstatements="58" conditionals="26" coveredconditionals="26" methods="13" coveredmethods="13" elements="97" coveredelements="97" complexity="0" loc="58" ncloc="58" packages="2" files="2" classes="2"/>
    <package name="errors">
      <metrics statements="29" coveredstatements="29" conditionals="0" coveredconditionals="0" methods="9" coveredmethods="9"/>
      <file name="errors.ts" path="D:\xampp\htdocs\mongez\node\@warlock.js\core\src\http\errors\errors.ts">
        <metrics statements="29" coveredstatements="29" conditionals="0" coveredconditionals="0" methods="9" coveredmethods="9"/>
        <line num="3" count="11" type="stmt"/>
        <line num="4" count="11" type="stmt"/>
        <line num="5" count="11" type="stmt"/>
        <line num="7" count="11" type="stmt"/>
        <line num="8" count="11" type="stmt"/>
        <line num="15" count="2" type="stmt"/>
        <line num="17" count="2" type="stmt"/>
        <line num="18" count="2" type="stmt"/>
        <line num="25" count="1" type="stmt"/>
        <line num="27" count="1" type="stmt"/>
        <line num="28" count="1" type="stmt"/>
        <line num="35" count="1" type="stmt"/>
        <line num="37" count="1" type="stmt"/>
        <line num="38" count="1" type="stmt"/>
        <line num="45" count="1" type="stmt"/>
        <line num="47" count="1" type="stmt"/>
        <line num="48" count="1" type="stmt"/>
        <line num="55" count="1" type="stmt"/>
        <line num="57" count="1" type="stmt"/>
        <line num="58" count="1" type="stmt"/>
        <line num="65" count="1" type="stmt"/>
        <line num="67" count="1" type="stmt"/>
        <line num="68" count="1" type="stmt"/>
        <line num="75" count="1" type="stmt"/>
        <line num="77" count="1" type="stmt"/>
        <line num="78" count="1" type="stmt"/>
        <line num="85" count="1" type="stmt"/>
        <line num="87" count="1" type="stmt"/>
        <line num="88" count="1" type="stmt"/>
      </file>
    </package>
    <package name="middleware.utils">
      <metrics statements="29" coveredstatements="29" conditionals="26" coveredconditionals="26" methods="4" coveredmethods="4"/>
      <file name="cidr-match.ts" path="D:\xampp\htdocs\mongez\node\@warlock.js\core\src\http\middleware\utils\cidr-match.ts">
        <metrics statements="29" coveredstatements="29" conditionals="26" coveredconditionals="26" methods="4" coveredmethods="4"/>
        <line num="14" count="36" type="stmt"/>
        <line num="16" count="36" type="cond" truecount="2" falsecount="0"/>
        <line num="17" count="2" type="stmt"/>
        <line num="20" count="34" type="stmt"/>
        <line num="22" count="34" type="stmt"/>
        <line num="23" count="136" type="stmt"/>
        <line num="25" count="136" type="cond" truecount="5" falsecount="0"/>
        <line num="26" count="3" type="stmt"/>
        <line num="29" count="133" type="stmt"/>
        <line num="32" count="31" type="stmt"/>
        <line num="36" count="28" type="cond" truecount="4" falsecount="0"/>
        <line num="37" count="2" type="stmt"/>
        <line num="40" count="26" type="cond" truecount="2" falsecount="0"/>
        <line num="41" count="3" type="stmt"/>
        <line num="44" count="23" type="cond" truecount="2" falsecount="0"/>
        <line num="45" count="2" type="stmt"/>
        <line num="48" count="21" type="stmt"/>
        <line num="49" count="21" type="stmt"/>
        <line num="51" count="21" type="cond" truecount="5" falsecount="0"/>
        <line num="52" count="3" type="stmt"/>
        <line num="55" count="18" type="stmt"/>
        <line num="56" count="18" type="stmt"/>
        <line num="58" count="18" type="cond" truecount="4" falsecount="0"/>
        <line num="59" count="5" type="stmt"/>
        <line num="62" count="13" type="cond" truecount="2" falsecount="0"/>
        <line num="63" count="2" type="stmt"/>
        <line num="66" count="11" type="stmt"/>
        <line num="68" count="11" type="stmt"/>
        <line num="78" count="4" type="stmt"/>
      </file>
    </package>
  </project>
</coverage>
