{"D:\\xampp\\htdocs\\mongez\\node\\@warlock.js\\core\\src\\http\\errors\\errors.ts": {"path":"D:\\xampp\\htdocs\\mongez\\node\\@warlock.js\\core\\src\\http\\errors\\errors.ts","statementMap":{"0":{"start":{"line":7,"column":4},"end":{"line":7,"column":null}},"1":{"start":{"line":3,"column":11},"end":{"line":3,"column":null}},"2":{"start":{"line":4,"column":11},"end":{"line":4,"column":null}},"3":{"start":{"line":5,"column":11},"end":{"line":5,"column":null}},"4":{"start":{"line":8,"column":4},"end":{"line":8,"column":null}},"5":{"start":{"line":17,"column":4},"end":{"line":17,"column":null}},"6":{"start":{"line":15,"column":11},"end":{"line":15,"column":null}},"7":{"start":{"line":18,"column":4},"end":{"line":18,"column":null}},"8":{"start":{"line":27,"column":4},"end":{"line":27,"column":null}},"9":{"start":{"line":25,"column":11},"end":{"line":25,"column":null}},"10":{"start":{"line":28,"column":4},"end":{"line":28,"column":null}},"11":{"start":{"line":37,"column":4},"end":{"line":37,"column":null}},"12":{"start":{"line":35,"column":11},"end":{"line":35,"column":null}},"13":{"start":{"line":38,"column":4},"end":{"line":38,"column":null}},"14":{"start":{"line":47,"column":4},"end":{"line":47,"column":null}},"15":{"start":{"line":45,"column":11},"end":{"line":45,"column":null}},"16":{"start":{"line":48,"column":4},"end":{"line":48,"column":null}},"17":{"start":{"line":57,"column":4},"end":{"line":57,"column":null}},"18":{"start":{"line":55,"column":11},"end":{"line":55,"column":null}},"19":{"start":{"line":58,"column":4},"end":{"line":58,"column":null}},"20":{"start":{"line":67,"column":4},"end":{"line":67,"column":null}},"21":{"start":{"line":65,"column":11},"end":{"line":65,"column":null}},"22":{"start":{"line":68,"column":4},"end":{"line":68,"column":null}},"23":{"start":{"line":77,"column":4},"end":{"line":77,"column":null}},"24":{"start":{"line":75,"column":11},"end":{"line":75,"column":null}},"25":{"start":{"line":78,"column":4},"end":{"line":78,"column":null}},"26":{"start":{"line":87,"column":4},"end":{"line":87,"column":null}},"27":{"start":{"line":85,"column":11},"end":{"line":85,"column":null}},"28":{"start":{"line":88,"column":4},"end":{"line":88,"column":null}}},"fnMap":{"0":{"name":"constructor","decl":{"start":{"line":2,"column":2},"end":{"line":2,"column":9}},"loc":{"start":{"line":6,"column":4},"end":{"line":9,"column":null}},"line":6},"1":{"name":"constructor","decl":{"start":{"line":13,"column":2},"end":{"line":13,"column":9}},"loc":{"start":{"line":16,"column":4},"end":{"line":19,"column":null}},"line":16},"2":{"name":"constructor","decl":{"start":{"line":23,"column":2},"end":{"line":23,"column":9}},"loc":{"start":{"line":26,"column":4},"end":{"line":29,"column":null}},"line":26},"3":{"name":"constructor","decl":{"start":{"line":33,"column":2},"end":{"line":33,"column":9}},"loc":{"start":{"line":36,"column":4},"end":{"line":39,"column":null}},"line":36},"4":{"name":"constructor","decl":{"start":{"line":43,"column":2},"end":{"line":43,"column":9}},"loc":{"start":{"line":46,"column":4},"end":{"line":49,"column":null}},"line":46},"5":{"name":"constructor","decl":{"start":{"line":53,"column":2},"end":{"line":53,"column":9}},"loc":{"start":{"line":56,"column":4},"end":{"line":59,"column":null}},"line":56},"6":{"name":"constructor","decl":{"start":{"line":63,"column":2},"end":{"line":63,"column":9}},"loc":{"start":{"line":66,"column":4},"end":{"line":69,"column":null}},"line":66},"7":{"name":"constructor","decl":{"start":{"line":73,"column":2},"end":{"line":73,"column":9}},"loc":{"start":{"line":76,"column":4},"end":{"line":79,"column":null}},"line":76},"8":{"name":"constructor","decl":{"start":{"line":83,"column":2},"end":{"line":83,"column":9}},"loc":{"start":{"line":86,"column":4},"end":{"line":89,"column":null}},"line":86}},"branchMap":{},"s":{"0":11,"1":11,"2":11,"3":11,"4":11,"5":2,"6":2,"7":2,"8":1,"9":1,"10":1,"11":1,"12":1,"13":1,"14":1,"15":1,"16":1,"17":1,"18":1,"19":1,"20":1,"21":1,"22":1,"23":1,"24":1,"25":1,"26":1,"27":1,"28":1},"f":{"0":11,"1":2,"2":1,"3":1,"4":1,"5":1,"6":1,"7":1,"8":1},"b":{},"meta":{"lastBranch":0,"lastFunction":9,"lastStatement":29,"seen":{"f:2:2:2:9":0,"s:7:4:7:Infinity":0,"s:3:11:3:Infinity":1,"s:4:11:4:Infinity":2,"s:5:11:5:Infinity":3,"s:8:4:8:Infinity":4,"f:13:2:13:9":1,"s:17:4:17:Infinity":5,"s:15:11:15:Infinity":6,"s:18:4:18:Infinity":7,"f:23:2:23:9":2,"s:27:4:27:Infinity":8,"s:25:11:25:Infinity":9,"s:28:4:28:Infinity":10,"f:33:2:33:9":3,"s:37:4:37:Infinity":11,"s:35:11:35:Infinity":12,"s:38:4:38:Infinity":13,"f:43:2:43:9":4,"s:47:4:47:Infinity":14,"s:45:11:45:Infinity":15,"s:48:4:48:Infinity":16,"f:53:2:53:9":5,"s:57:4:57:Infinity":17,"s:55:11:55:Infinity":18,"s:58:4:58:Infinity":19,"f:63:2:63:9":6,"s:67:4:67:Infinity":20,"s:65:11:65:Infinity":21,"s:68:4:68:Infinity":22,"f:73:2:73:9":7,"s:77:4:77:Infinity":23,"s:75:11:75:Infinity":24,"s:78:4:78:Infinity":25,"f:83:2:83:9":8,"s:87:4:87:Infinity":26,"s:85:11:85:Infinity":27,"s:88:4:88:Infinity":28}}}
,"D:\\xampp\\htdocs\\mongez\\node\\@warlock.js\\core\\src\\http\\middleware\\utils\\cidr-match.ts": {"path":"D:\\xampp\\htdocs\\mongez\\node\\@warlock.js\\core\\src\\http\\middleware\\utils\\cidr-match.ts","statementMap":{"0":{"start":{"line":14,"column":16},"end":{"line":14,"column":null}},"1":{"start":{"line":16,"column":2},"end":{"line":18,"column":null}},"2":{"start":{"line":17,"column":4},"end":{"line":17,"column":null}},"3":{"start":{"line":20,"column":15},"end":{"line":20,"column":null}},"4":{"start":{"line":22,"column":2},"end":{"line":30,"column":null}},"5":{"start":{"line":23,"column":16},"end":{"line":23,"column":null}},"6":{"start":{"line":25,"column":4},"end":{"line":27,"column":null}},"7":{"start":{"line":26,"column":6},"end":{"line":26,"column":null}},"8":{"start":{"line":29,"column":4},"end":{"line":29,"column":null}},"9":{"start":{"line":32,"column":2},"end":{"line":32,"column":null}},"10":{"start":{"line":36,"column":2},"end":{"line":38,"column":null}},"11":{"start":{"line":37,"column":4},"end":{"line":37,"column":null}},"12":{"start":{"line":40,"column":2},"end":{"line":42,"column":null}},"13":{"start":{"line":41,"column":4},"end":{"line":41,"column":null}},"14":{"start":{"line":44,"column":2},"end":{"line":46,"column":null}},"15":{"start":{"line":45,"column":4},"end":{"line":45,"column":null}},"16":{"start":{"line":48,"column":26},"end":{"line":48,"column":null}},"17":{"start":{"line":49,"column":15},"end":{"line":49,"column":null}},"18":{"start":{"line":51,"column":2},"end":{"line":53,"column":null}},"19":{"start":{"line":52,"column":4},"end":{"line":52,"column":null}},"20":{"start":{"line":55,"column":16},"end":{"line":55,"column":null}},"21":{"start":{"line":56,"column":18},"end":{"line":56,"column":null}},"22":{"start":{"line":58,"column":2},"end":{"line":60,"column":null}},"23":{"start":{"line":59,"column":4},"end":{"line":59,"column":null}},"24":{"start":{"line":62,"column":2},"end":{"line":64,"column":null}},"25":{"start":{"line":63,"column":4},"end":{"line":63,"column":null}},"26":{"start":{"line":66,"column":16},"end":{"line":66,"column":null}},"27":{"start":{"line":68,"column":2},"end":{"line":68,"column":null}},"28":{"start":{"line":78,"column":2},"end":{"line":78,"column":null}},"29":{"start":{"line":78,"column":36},"end":{"line":78,"column":58}}},"fnMap":{"0":{"name":"ipv4ToInt","decl":{"start":{"line":13,"column":9},"end":{"line":13,"column":19}},"loc":{"start":{"line":13,"column":46},"end":{"line":33,"column":null}},"line":13},"1":{"name":"ipMatches","decl":{"start":{"line":35,"column":16},"end":{"line":35,"column":26}},"loc":{"start":{"line":35,"column":64},"end":{"line":69,"column":null}},"line":35},"2":{"name":"anyMatch","decl":{"start":{"line":77,"column":16},"end":{"line":77,"column":25}},"loc":{"start":{"line":77,"column":66},"end":{"line":79,"column":null}},"line":77},"3":{"name":"(anonymous_3)","decl":{"start":{"line":78,"column":18},"end":{"line":78,"column":24}},"loc":{"start":{"line":78,"column":36},"end":{"line":78,"column":58}},"line":78}},"branchMap":{"0":{"loc":{"start":{"line":16,"column":2},"end":{"line":18,"column":null}},"type":"if","locations":[{"start":{"line":16,"column":2},"end":{"line":18,"column":null}},{"start":{},"end":{}}],"line":16},"1":{"loc":{"start":{"line":25,"column":4},"end":{"line":27,"column":null}},"type":"if","locations":[{"start":{"line":25,"column":4},"end":{"line":27,"column":null}},{"start":{},"end":{}}],"line":25},"2":{"loc":{"start":{"line":25,"column":8},"end":{"line":25,"column":56}},"type":"binary-expr","locations":[{"start":{"line":25,"column":8},"end":{"line":25,"column":34}},{"start":{"line":25,"column":34},"end":{"line":25,"column":45}},{"start":{"line":25,"column":45},"end":{"line":25,"column":56}}],"line":25},"3":{"loc":{"start":{"line":36,"column":2},"end":{"line":38,"column":null}},"type":"if","locations":[{"start":{"line":36,"column":2},"end":{"line":38,"column":null}},{"start":{},"end":{}}],"line":36},"4":{"loc":{"start":{"line":36,"column":6},"end":{"line":36,"column":23}},"type":"binary-expr","locations":[{"start":{"line":36,"column":6},"end":{"line":36,"column":13}},{"start":{"line":36,"column":13},"end":{"line":36,"column":23}}],"line":36},"5":{"loc":{"start":{"line":40,"column":2},"end":{"line":42,"column":null}},"type":"if","locations":[{"start":{"line":40,"column":2},"end":{"line":42,"column":null}},{"start":{},"end":{}}],"line":40},"6":{"loc":{"start":{"line":44,"column":2},"end":{"line":46,"column":null}},"type":"if","locations":[{"start":{"line":44,"column":2},"end":{"line":46,"column":null}},{"start":{},"end":{}}],"line":44},"7":{"loc":{"start":{"line":51,"column":2},"end":{"line":53,"column":null}},"type":"if","locations":[{"start":{"line":51,"column":2},"end":{"line":53,"column":null}},{"start":{},"end":{}}],"line":51},"8":{"loc":{"start":{"line":51,"column":6},"end":{"line":51,"column":56}},"type":"binary-expr","locations":[{"start":{"line":51,"column":6},"end":{"line":51,"column":33}},{"start":{"line":51,"column":33},"end":{"line":51,"column":45}},{"start":{"line":51,"column":45},"end":{"line":51,"column":56}}],"line":51},"9":{"loc":{"start":{"line":58,"column":2},"end":{"line":60,"column":null}},"type":"if","locations":[{"start":{"line":58,"column":2},"end":{"line":60,"column":null}},{"start":{},"end":{}}],"line":58},"10":{"loc":{"start":{"line":58,"column":6},"end":{"line":58,"column":42}},"type":"binary-expr","locations":[{"start":{"line":58,"column":6},"end":{"line":58,"column":24}},{"start":{"line":58,"column":24},"end":{"line":58,"column":42}}],"line":58},"11":{"loc":{"start":{"line":62,"column":2},"end":{"line":64,"column":null}},"type":"if","locations":[{"start":{"line":62,"column":2},"end":{"line":64,"column":null}},{"start":{},"end":{}}],"line":62}},"s":{"0":36,"1":36,"2":2,"3":34,"4":34,"5":136,"6":136,"7":3,"8":133,"9":31,"10":28,"11":2,"12":26,"13":3,"14":23,"15":2,"16":21,"17":21,"18":21,"19":3,"20":18,"21":18,"22":18,"23":5,"24":13,"25":2,"26":11,"27":11,"28":3,"29":4},"f":{"0":36,"1":28,"2":3,"3":4},"b":{"0":[2,34],"1":[3,133],"2":[136,135,135],"3":[2,26],"4":[28,27],"5":[3,23],"6":[2,21],"7":[3,18],"8":[21,20,19],"9":[5,13],"10":[18,14],"11":[2,11]},"meta":{"lastBranch":12,"lastFunction":4,"lastStatement":30,"seen":{"f:13:9:13:19":0,"s:14:16:14:Infinity":0,"b:16:2:18:Infinity:undefined:undefined:undefined:undefined":0,"s:16:2:18:Infinity":1,"s:17:4:17:Infinity":2,"s:20:15:20:Infinity":3,"s:22:2:30:Infinity":4,"s:23:16:23:Infinity":5,"b:25:4:27:Infinity:undefined:undefined:undefined:undefined":1,"s:25:4:27:Infinity":6,"b:25:8:25:34:25:34:25:45:25:45:25:56":2,"s:26:6:26:Infinity":7,"s:29:4:29:Infinity":8,"s:32:2:32:Infinity":9,"f:35:16:35:26":1,"b:36:2:38:Infinity:undefined:undefined:undefined:undefined":3,"s:36:2:38:Infinity":10,"b:36:6:36:13:36:13:36:23":4,"s:37:4:37:Infinity":11,"b:40:2:42:Infinity:undefined:undefined:undefined:undefined":5,"s:40:2:42:Infinity":12,"s:41:4:41:Infinity":13,"b:44:2:46:Infinity:undefined:undefined:undefined:undefined":6,"s:44:2:46:Infinity":14,"s:45:4:45:Infinity":15,"s:48:26:48:Infinity":16,"s:49:15:49:Infinity":17,"b:51:2:53:Infinity:undefined:undefined:undefined:undefined":7,"s:51:2:53:Infinity":18,"b:51:6:51:33:51:33:51:45:51:45:51:56":8,"s:52:4:52:Infinity":19,"s:55:16:55:Infinity":20,"s:56:18:56:Infinity":21,"b:58:2:60:Infinity:undefined:undefined:undefined:undefined":9,"s:58:2:60:Infinity":22,"b:58:6:58:24:58:24:58:42":10,"s:59:4:59:Infinity":23,"b:62:2:64:Infinity:undefined:undefined:undefined:undefined":11,"s:62:2:64:Infinity":24,"s:63:4:63:Infinity":25,"s:66:16:66:Infinity":26,"s:68:2:68:Infinity":27,"f:77:16:77:25":2,"s:78:2:78:Infinity":28,"f:78:18:78:24":3,"s:78:36:78:58":29}}}
}
