{"D:\\xampp\\htdocs\\mongez\\node\\@warlock.js\\seal\\src\\config.ts": {"path":"D:\\xampp\\htdocs\\mongez\\node\\@warlock.js\\seal\\src\\config.ts","statementMap":{"0":{"start":{"line":38,"column":27},"end":{"line":40,"column":null}},"1":{"start":{"line":57,"column":2},"end":{"line":57,"column":null}},"2":{"start":{"line":64,"column":2},"end":{"line":64,"column":null}},"3":{"start":{"line":71,"column":2},"end":{"line":71,"column":null}},"4":{"start":{"line":72,"column":2},"end":{"line":72,"column":null}},"5":{"start":{"line":74,"column":2},"end":{"line":74,"column":null}}},"fnMap":{"0":{"name":"configureSeal","decl":{"start":{"line":56,"column":16},"end":{"line":56,"column":30}},"loc":{"start":{"line":56,"column":66},"end":{"line":58,"column":null}},"line":56},"1":{"name":"getSealConfig","decl":{"start":{"line":63,"column":16},"end":{"line":63,"column":44}},"loc":{"start":{"line":63,"column":44},"end":{"line":65,"column":null}},"line":63},"2":{"name":"resetSealConfig","decl":{"start":{"line":70,"column":16},"end":{"line":70,"column":40}},"loc":{"start":{"line":70,"column":40},"end":{"line":75,"column":null}},"line":70}},"branchMap":{},"s":{"0":35,"1":0,"2":1165,"3":0,"4":0,"5":0},"f":{"0":0,"1":1165,"2":0},"b":{},"meta":{"lastBranch":0,"lastFunction":3,"lastStatement":6,"seen":{"s:38:27:40:Infinity":0,"f:56:16:56:30":0,"s:57:2:57:Infinity":1,"f:63:16:63:44":1,"s:64:2:64:Infinity":2,"f:70:16:70:40":2,"s:71:2:71:Infinity":3,"s:72:2:72:Infinity":4,"s:74:2:74:Infinity":5}}}
,"D:\\xampp\\htdocs\\mongez\\node\\@warlock.js\\seal\\src\\factory\\validate.ts": {"path":"D:\\xampp\\htdocs\\mongez\\node\\@warlock.js\\seal\\src\\factory\\validate.ts","statementMap":{"0":{"start":{"line":9,"column":24},"end":{"line":32,"column":null}},"1":{"start":{"line":14,"column":33},"end":{"line":29,"column":null}},"2":{"start":{"line":23,"column":6},"end":{"line":23,"column":null}},"3":{"start":{"line":26,"column":6},"end":{"line":26,"column":null}},"4":{"start":{"line":31,"column":2},"end":{"line":31,"column":null}}},"fnMap":{"0":{"name":"(anonymous_0)","decl":{"start":{"line":9,"column":24},"end":{"line":9,"column":null}},"loc":{"start":{"line":13,"column":32},"end":{"line":32,"column":null}},"line":13},"1":{"name":"translateRule","decl":{"start":{"line":22,"column":4},"end":{"line":22,"column":18}},"loc":{"start":{"line":22,"column":35},"end":{"line":24,"column":null}},"line":22},"2":{"name":"translateAttribute","decl":{"start":{"line":25,"column":4},"end":{"line":25,"column":23}},"loc":{"start":{"line":25,"column":45},"end":{"line":27,"column":null}},"line":25}},"branchMap":{"0":{"loc":{"start":{"line":12,"column":2},"end":{"line":12,"column":null}},"type":"default-arg","locations":[{"start":{"line":12,"column":33},"end":{"line":12,"column":null}}],"line":12},"1":{"loc":{"start":{"line":12,"column":33},"end":{"line":12,"column":null}},"type":"binary-expr","locations":[{"start":{"line":12,"column":33},"end":{"line":12,"column":88}},{"start":{"line":12,"column":88},"end":{"line":12,"column":null}}],"line":12},"2":{"loc":{"start":{"line":23,"column":13},"end":{"line":23,"column":null}},"type":"binary-expr","locations":[{"start":{"line":23,"column":13},"end":{"line":23,"column":64}},{"start":{"line":23,"column":64},"end":{"line":23,"column":null}}],"line":23},"3":{"loc":{"start":{"line":26,"column":13},"end":{"line":26,"column":null}},"type":"binary-expr","locations":[{"start":{"line":26,"column":13},"end":{"line":26,"column":74}},{"start":{"line":26,"column":74},"end":{"line":26,"column":null}}],"line":26}},"s":{"0":35,"1":784,"2":300,"3":0,"4":784},"f":{"0":784,"1":300,"2":0},"b":{"0":[784],"1":[784,0],"2":[300,300],"3":[0,0]},"meta":{"lastBranch":4,"lastFunction":3,"lastStatement":5,"seen":{"s:9:24:32:Infinity":0,"f:9:24:9:Infinity":0,"b:12:33:12:Infinity":0,"b:12:33:12:88:12:88:12:Infinity":1,"s:14:33:29:Infinity":1,"f:22:4:22:18":1,"s:23:6:23:Infinity":2,"b:23:13:23:64:23:64:23:Infinity":2,"f:25:4:25:23":2,"s:26:6:26:Infinity":3,"b:26:13:26:74:26:74:26:Infinity":3,"s:31:2:31:Infinity":4}}}
,"D:\\xampp\\htdocs\\mongez\\node\\@warlock.js\\seal\\src\\factory\\validators.ts": {"path":"D:\\xampp\\htdocs\\mongez\\node\\@warlock.js\\seal\\src\\factory\\validators.ts","statementMap":{"0":{"start":{"line":42,"column":29},"end":{"line":213,"column":null}},"1":{"start":{"line":45,"column":4},"end":{"line":45,"column":null}},"2":{"start":{"line":49,"column":13},"end":{"line":49,"column":null}},"3":{"start":{"line":53,"column":4},"end":{"line":53,"column":null}},"4":{"start":{"line":59,"column":4},"end":{"line":59,"column":null}},"5":{"start":{"line":65,"column":4},"end":{"line":65,"column":null}},"6":{"start":{"line":71,"column":4},"end":{"line":71,"column":null}},"7":{"start":{"line":84,"column":4},"end":{"line":84,"column":null}},"8":{"start":{"line":95,"column":4},"end":{"line":95,"column":null}},"9":{"start":{"line":111,"column":4},"end":{"line":111,"column":null}},"10":{"start":{"line":115,"column":4},"end":{"line":115,"column":null}},"11":{"start":{"line":119,"column":4},"end":{"line":119,"column":null}},"12":{"start":{"line":136,"column":4},"end":{"line":138,"column":null}},"13":{"start":{"line":142,"column":4},"end":{"line":142,"column":null}},"14":{"start":{"line":146,"column":4},"end":{"line":146,"column":null}},"15":{"start":{"line":150,"column":4},"end":{"line":150,"column":null}},"16":{"start":{"line":154,"column":4},"end":{"line":154,"column":null}},"17":{"start":{"line":158,"column":4},"end":{"line":158,"column":null}},"18":{"start":{"line":162,"column":4},"end":{"line":162,"column":null}},"19":{"start":{"line":167,"column":4},"end":{"line":167,"column":null}},"20":{"start":{"line":189,"column":4},"end":{"line":189,"column":null}},"21":{"start":{"line":200,"column":4},"end":{"line":200,"column":null}},"22":{"start":{"line":208,"column":4},"end":{"line":208,"column":null}}},"fnMap":{"0":{"name":"(anonymous_0)","decl":{"start":{"line":44,"column":2},"end":{"line":44,"column":29}},"loc":{"start":{"line":45,"column":4},"end":{"line":45,"column":null}},"line":45},"1":{"name":"(anonymous_1)","decl":{"start":{"line":49,"column":2},"end":{"line":49,"column":13}},"loc":{"start":{"line":49,"column":13},"end":{"line":49,"column":null}},"line":49},"2":{"name":"(anonymous_2)","decl":{"start":{"line":52,"column":2},"end":{"line":52,"column":35}},"loc":{"start":{"line":53,"column":4},"end":{"line":53,"column":null}},"line":53},"3":{"name":"(anonymous_3)","decl":{"start":{"line":58,"column":2},"end":{"line":58,"column":36}},"loc":{"start":{"line":59,"column":4},"end":{"line":59,"column":null}},"line":59},"4":{"name":"(anonymous_4)","decl":{"start":{"line":64,"column":2},"end":{"line":64,"column":37}},"loc":{"start":{"line":65,"column":4},"end":{"line":65,"column":null}},"line":65},"5":{"name":"(anonymous_5)","decl":{"start":{"line":70,"column":2},"end":{"line":70,"column":9}},"loc":{"start":{"line":71,"column":4},"end":{"line":71,"column":null}},"line":71},"6":{"name":"(anonymous_6)","decl":{"start":{"line":81,"column":2},"end":{"line":81,"column":null}},"loc":{"start":{"line":84,"column":4},"end":{"line":84,"column":null}},"line":84},"7":{"name":"(anonymous_7)","decl":{"start":{"line":94,"column":2},"end":{"line":94,"column":18}},"loc":{"start":{"line":95,"column":4},"end":{"line":95,"column":null}},"line":95},"8":{"name":"(anonymous_8)","decl":{"start":{"line":110,"column":2},"end":{"line":110,"column":34}},"loc":{"start":{"line":111,"column":4},"end":{"line":111,"column":null}},"line":111},"9":{"name":"(anonymous_9)","decl":{"start":{"line":114,"column":2},"end":{"line":114,"column":11}},"loc":{"start":{"line":115,"column":4},"end":{"line":115,"column":null}},"line":115},"10":{"name":"(anonymous_10)","decl":{"start":{"line":118,"column":2},"end":{"line":118,"column":10}},"loc":{"start":{"line":119,"column":4},"end":{"line":119,"column":null}},"line":119},"11":{"name":"(anonymous_11)","decl":{"start":{"line":135,"column":2},"end":{"line":135,"column":10}},"loc":{"start":{"line":136,"column":4},"end":{"line":138,"column":null}},"line":136},"12":{"name":"(anonymous_12)","decl":{"start":{"line":141,"column":2},"end":{"line":141,"column":11}},"loc":{"start":{"line":142,"column":4},"end":{"line":142,"column":null}},"line":142},"13":{"name":"(anonymous_13)","decl":{"start":{"line":145,"column":2},"end":{"line":145,"column":12}},"loc":{"start":{"line":146,"column":4},"end":{"line":146,"column":null}},"line":146},"14":{"name":"(anonymous_14)","decl":{"start":{"line":149,"column":2},"end":{"line":149,"column":8}},"loc":{"start":{"line":150,"column":4},"end":{"line":150,"column":null}},"line":150},"15":{"name":"(anonymous_15)","decl":{"start":{"line":153,"column":2},"end":{"line":153,"column":10}},"loc":{"start":{"line":154,"column":4},"end":{"line":154,"column":null}},"line":154},"16":{"name":"(anonymous_16)","decl":{"start":{"line":157,"column":2},"end":{"line":157,"column":12}},"loc":{"start":{"line":158,"column":4},"end":{"line":158,"column":null}},"line":158},"17":{"name":"(anonymous_17)","decl":{"start":{"line":161,"column":2},"end":{"line":161,"column":11}},"loc":{"start":{"line":162,"column":4},"end":{"line":162,"column":null}},"line":162},"18":{"name":"(anonymous_18)","decl":{"start":{"line":166,"column":2},"end":{"line":166,"column":37}},"loc":{"start":{"line":167,"column":4},"end":{"line":167,"column":null}},"line":167},"19":{"name":"(anonymous_19)","decl":{"start":{"line":182,"column":2},"end":{"line":182,"column":null}},"loc":{"start":{"line":189,"column":4},"end":{"line":189,"column":null}},"line":189},"20":{"name":"(anonymous_20)","decl":{"start":{"line":196,"column":2},"end":{"line":196,"column":null}},"loc":{"start":{"line":200,"column":4},"end":{"line":200,"column":null}},"line":200},"21":{"name":"(anonymous_21)","decl":{"start":{"line":204,"column":2},"end":{"line":204,"column":null}},"loc":{"start":{"line":208,"column":4},"end":{"line":208,"column":null}},"line":208}},"branchMap":{"0":{"loc":{"start":{"line":59,"column":24},"end":{"line":59,"column":46}},"type":"binary-expr","locations":[{"start":{"line":59,"column":24},"end":{"line":59,"column":37}},{"start":{"line":59,"column":37},"end":{"line":59,"column":46}}],"line":59},"1":{"loc":{"start":{"line":136,"column":4},"end":{"line":138,"column":null}},"type":"cond-expr","locations":[{"start":{"line":137,"column":8},"end":{"line":137,"column":null}},{"start":{"line":138,"column":8},"end":{"line":138,"column":null}}],"line":136}},"s":{"0":30,"1":153,"2":75,"3":22,"4":14,"5":11,"6":15,"7":23,"8":3,"9":5,"10":289,"11":0,"12":0,"13":82,"14":3,"15":16,"16":0,"17":9,"18":35,"19":1,"20":10,"21":2,"22":1},"f":{"0":153,"1":75,"2":22,"3":14,"4":11,"5":15,"6":23,"7":3,"8":5,"9":289,"10":0,"11":0,"12":82,"13":3,"14":16,"15":0,"16":9,"17":35,"18":1,"19":10,"20":2,"21":1},"b":{"0":[14,0],"1":[0,0]},"meta":{"lastBranch":2,"lastFunction":22,"lastStatement":23,"seen":{"s:42:29:213:Infinity":0,"f:44:2:44:29":0,"s:45:4:45:Infinity":1,"f:49:2:49:13":1,"s:49:13:49:Infinity":2,"f:52:2:52:35":2,"s:53:4:53:Infinity":3,"f:58:2:58:36":3,"s:59:4:59:Infinity":4,"b:59:24:59:37:59:37:59:46":0,"f:64:2:64:37":4,"s:65:4:65:Infinity":5,"f:70:2:70:9":5,"s:71:4:71:Infinity":6,"f:81:2:81:Infinity":6,"s:84:4:84:Infinity":7,"f:94:2:94:18":7,"s:95:4:95:Infinity":8,"f:110:2:110:34":8,"s:111:4:111:Infinity":9,"f:114:2:114:11":9,"s:115:4:115:Infinity":10,"f:118:2:118:10":10,"s:119:4:119:Infinity":11,"f:135:2:135:10":11,"s:136:4:138:Infinity":12,"b:137:8:137:Infinity:138:8:138:Infinity":1,"f:141:2:141:11":12,"s:142:4:142:Infinity":13,"f:145:2:145:12":13,"s:146:4:146:Infinity":14,"f:149:2:149:8":14,"s:150:4:150:Infinity":15,"f:153:2:153:10":15,"s:154:4:154:Infinity":16,"f:157:2:157:12":16,"s:158:4:158:Infinity":17,"f:161:2:161:11":17,"s:162:4:162:Infinity":18,"f:166:2:166:37":18,"s:167:4:167:Infinity":19,"f:182:2:182:Infinity":19,"s:189:4:189:Infinity":20,"f:196:2:196:Infinity":20,"s:200:4:200:Infinity":21,"f:204:2:204:Infinity":21,"s:208:4:208:Infinity":22}}}
,"D:\\xampp\\htdocs\\mongez\\node\\@warlock.js\\seal\\src\\helpers\\date-helpers.ts": {"path":"D:\\xampp\\htdocs\\mongez\\node\\@warlock.js\\seal\\src\\helpers\\date-helpers.ts","statementMap":{"0":{"start":{"line":16,"column":2},"end":{"line":16,"column":null}},"1":{"start":{"line":16,"column":29},"end":{"line":16,"column":null}},"2":{"start":{"line":18,"column":15},"end":{"line":18,"column":null}},"3":{"start":{"line":20,"column":2},"end":{"line":20,"column":null}}},"fnMap":{"0":{"name":"isDateValue","decl":{"start":{"line":15,"column":16},"end":{"line":15,"column":28}},"loc":{"start":{"line":15,"column":49},"end":{"line":21,"column":null}},"line":15}},"branchMap":{"0":{"loc":{"start":{"line":16,"column":2},"end":{"line":16,"column":null}},"type":"if","locations":[{"start":{"line":16,"column":2},"end":{"line":16,"column":null}},{"start":{},"end":{}}],"line":16}},"s":{"0":6,"1":2,"2":4,"3":4},"f":{"0":6},"b":{"0":[2,4]},"meta":{"lastBranch":1,"lastFunction":1,"lastStatement":4,"seen":{"f:15:16:15:28":0,"b:16:2:16:Infinity:undefined:undefined:undefined:undefined":0,"s:16:2:16:Infinity":0,"s:16:29:16:Infinity":1,"s:18:15:18:Infinity":2,"s:20:2:20:Infinity":3}}}
,"D:\\xampp\\htdocs\\mongez\\node\\@warlock.js\\seal\\src\\helpers\\file.utils.ts": {"path":"D:\\xampp\\htdocs\\mongez\\node\\@warlock.js\\seal\\src\\helpers\\file.utils.ts","statementMap":{"0":{"start":{"line":4,"column":2},"end":{"line":6,"column":null}},"1":{"start":{"line":5,"column":4},"end":{"line":5,"column":null}},"2":{"start":{"line":8,"column":2},"end":{"line":17,"column":null}},"3":{"start":{"line":10,"column":6},"end":{"line":10,"column":null}},"4":{"start":{"line":12,"column":6},"end":{"line":12,"column":null}},"5":{"start":{"line":14,"column":6},"end":{"line":14,"column":null}},"6":{"start":{"line":16,"column":6},"end":{"line":16,"column":null}},"7":{"start":{"line":25,"column":16},"end":{"line":25,"column":null}},"8":{"start":{"line":26,"column":13},"end":{"line":26,"column":null}},"9":{"start":{"line":27,"column":18},"end":{"line":27,"column":null}},"10":{"start":{"line":29,"column":2},"end":{"line":32,"column":null}},"11":{"start":{"line":30,"column":4},"end":{"line":30,"column":null}},"12":{"start":{"line":31,"column":4},"end":{"line":31,"column":null}},"13":{"start":{"line":34,"column":2},"end":{"line":34,"column":null}}},"fnMap":{"0":{"name":"resolveFileSize","decl":{"start":{"line":3,"column":16},"end":{"line":3,"column":32}},"loc":{"start":{"line":3,"column":71},"end":{"line":18,"column":null}},"line":3},"1":{"name":"humanizeSize","decl":{"start":{"line":24,"column":16},"end":{"line":24,"column":29}},"loc":{"start":{"line":24,"column":57},"end":{"line":35,"column":null}},"line":24}},"branchMap":{"0":{"loc":{"start":{"line":4,"column":2},"end":{"line":6,"column":null}},"type":"if","locations":[{"start":{"line":4,"column":2},"end":{"line":6,"column":null}},{"start":{},"end":{}}],"line":4},"1":{"loc":{"start":{"line":8,"column":2},"end":{"line":17,"column":null}},"type":"switch","locations":[{"start":{"line":9,"column":4},"end":{"line":10,"column":null}},{"start":{"line":11,"column":4},"end":{"line":12,"column":null}},{"start":{"line":13,"column":4},"end":{"line":14,"column":null}},{"start":{"line":15,"column":4},"end":{"line":16,"column":null}}],"line":8},"2":{"loc":{"start":{"line":29,"column":9},"end":{"line":29,"column":55}},"type":"binary-expr","locations":[{"start":{"line":29,"column":9},"end":{"line":29,"column":25}},{"start":{"line":29,"column":25},"end":{"line":29,"column":55}}],"line":29},"3":{"loc":{"start":{"line":34,"column":12},"end":{"line":34,"column":62}},"type":"cond-expr","locations":[{"start":{"line":34,"column":37},"end":{"line":34,"column":44}},{"start":{"line":34,"column":44},"end":{"line":34,"column":62}}],"line":34}},"s":{"0":0,"1":0,"2":0,"3":0,"4":0,"5":0,"6":0,"7":2,"8":2,"9":2,"10":2,"11":0,"12":0,"13":2},"f":{"0":0,"1":2},"b":{"0":[0,0],"1":[0,0,0,0],"2":[2,0],"3":[2,0]},"meta":{"lastBranch":4,"lastFunction":2,"lastStatement":14,"seen":{"f:3:16:3:32":0,"b:4:2:6:Infinity:undefined:undefined:undefined:undefined":0,"s:4:2:6:Infinity":0,"s:5:4:5:Infinity":1,"b:9:4:10:Infinity:11:4:12:Infinity:13:4:14:Infinity:15:4:16:Infinity":1,"s:8:2:17:Infinity":2,"s:10:6:10:Infinity":3,"s:12:6:12:Infinity":4,"s:14:6:14:Infinity":5,"s:16:6:16:Infinity":6,"f:24:16:24:29":1,"s:25:16:25:Infinity":7,"s:26:13:26:Infinity":8,"s:27:18:27:Infinity":9,"s:29:2:32:Infinity":10,"b:29:9:29:25:29:25:29:55":2,"s:30:4:30:Infinity":11,"s:31:4:31:Infinity":12,"s:34:2:34:Infinity":13,"b:34:37:34:44:34:44:34:62":3}}}
,"D:\\xampp\\htdocs\\mongez\\node\\@warlock.js\\seal\\src\\helpers\\get-field-value.ts": {"path":"D:\\xampp\\htdocs\\mongez\\node\\@warlock.js\\seal\\src\\helpers\\get-field-value.ts","statementMap":{"0":{"start":{"line":43,"column":16},"end":{"line":43,"column":null}},"1":{"start":{"line":44,"column":16},"end":{"line":44,"column":null}},"2":{"start":{"line":45,"column":17},"end":{"line":45,"column":null}},"3":{"start":{"line":46,"column":2},"end":{"line":46,"column":null}}},"fnMap":{"0":{"name":"getFieldValue","decl":{"start":{"line":38,"column":16},"end":{"line":38,"column":null}},"loc":{"start":{"line":42,"column":2},"end":{"line":47,"column":null}},"line":42}},"branchMap":{"0":{"loc":{"start":{"line":41,"column":2},"end":{"line":41,"column":null}},"type":"default-arg","locations":[{"start":{"line":41,"column":13},"end":{"line":41,"column":null}}],"line":41},"1":{"loc":{"start":{"line":44,"column":16},"end":{"line":44,"column":null}},"type":"binary-expr","locations":[{"start":{"line":44,"column":16},"end":{"line":44,"column":46}},{"start":{"line":44,"column":46},"end":{"line":44,"column":null}}],"line":44},"2":{"loc":{"start":{"line":45,"column":17},"end":{"line":45,"column":null}},"type":"cond-expr","locations":[{"start":{"line":45,"column":39},"end":{"line":45,"column":56}},{"start":{"line":45,"column":56},"end":{"line":45,"column":null}}],"line":45}},"s":{"0":83,"1":83,"2":83,"3":83},"f":{"0":83},"b":{"0":[83],"1":[83,11],"2":[37,46]},"meta":{"lastBranch":3,"lastFunction":1,"lastStatement":4,"seen":{"f:38:16:38:Infinity":0,"b:41:13:41:Infinity":0,"s:43:16:43:Infinity":0,"s:44:16:44:Infinity":1,"b:44:16:44:46:44:46:44:Infinity":1,"s:45:17:45:Infinity":2,"b:45:39:45:56:45:56:45:Infinity":2,"s:46:2:46:Infinity":3}}}
,"D:\\xampp\\htdocs\\mongez\\node\\@warlock.js\\seal\\src\\helpers\\is-empty-value.ts": {"path":"D:\\xampp\\htdocs\\mongez\\node\\@warlock.js\\seal\\src\\helpers\\is-empty-value.ts","statementMap":{"0":{"start":{"line":4,"column":2},"end":{"line":4,"column":null}}},"fnMap":{"0":{"name":"isEmptyValue","decl":{"start":{"line":3,"column":16},"end":{"line":3,"column":29}},"loc":{"start":{"line":3,"column":41},"end":{"line":5,"column":null}},"line":3}},"branchMap":{"0":{"loc":{"start":{"line":4,"column":2},"end":{"line":4,"column":null}},"type":"binary-expr","locations":[{"start":{"line":4,"column":2},"end":{"line":4,"column":27}},{"start":{"line":4,"column":27},"end":{"line":4,"column":null}}],"line":4}},"s":{"0":2035},"f":{"0":2035},"b":{"0":[2035,287]},"meta":{"lastBranch":1,"lastFunction":1,"lastStatement":1,"seen":{"f:3:16:3:29":0,"s:4:2:4:Infinity":0,"b:4:2:4:27:4:27:4:Infinity":0}}}
,"D:\\xampp\\htdocs\\mongez\\node\\@warlock.js\\seal\\src\\helpers\\path-helpers.ts": {"path":"D:\\xampp\\htdocs\\mongez\\node\\@warlock.js\\seal\\src\\helpers\\path-helpers.ts","statementMap":{"0":{"start":{"line":4,"column":13},"end":{"line":7,"column":null}},"1":{"start":{"line":5,"column":2},"end":{"line":5,"column":null}},"2":{"start":{"line":5,"column":13},"end":{"line":5,"column":null}},"3":{"start":{"line":6,"column":2},"end":{"line":6,"column":null}}},"fnMap":{"0":{"name":"(anonymous_0)","decl":{"start":{"line":4,"column":13},"end":{"line":4,"column":27}},"loc":{"start":{"line":4,"column":65},"end":{"line":7,"column":null}},"line":4}},"branchMap":{"0":{"loc":{"start":{"line":5,"column":2},"end":{"line":5,"column":null}},"type":"if","locations":[{"start":{"line":5,"column":2},"end":{"line":5,"column":null}},{"start":{},"end":{}}],"line":5}},"s":{"0":35,"1":465,"2":436,"3":29},"f":{"0":465},"b":{"0":[436,29]},"meta":{"lastBranch":1,"lastFunction":1,"lastStatement":4,"seen":{"s:4:13:7:Infinity":0,"f:4:13:4:27":0,"b:5:2:5:Infinity:undefined:undefined:undefined:undefined":0,"s:5:2:5:Infinity":1,"s:5:13:5:Infinity":2,"s:6:2:6:Infinity":3}}}
,"D:\\xampp\\htdocs\\mongez\\node\\@warlock.js\\seal\\src\\helpers\\validation-helpers.ts": {"path":"D:\\xampp\\htdocs\\mongez\\node\\@warlock.js\\seal\\src\\helpers\\validation-helpers.ts","statementMap":{"0":{"start":{"line":4,"column":38},"end":{"line":6,"column":null}},"1":{"start":{"line":23,"column":13},"end":{"line":48,"column":null}},"2":{"start":{"line":34,"column":8},"end":{"line":34,"column":null}},"3":{"start":{"line":37,"column":17},"end":{"line":37,"column":null}},"4":{"start":{"line":38,"column":2},"end":{"line":38,"column":null}},"5":{"start":{"line":38,"column":44},"end":{"line":38,"column":null}},"6":{"start":{"line":40,"column":2},"end":{"line":40,"column":null}},"7":{"start":{"line":40,"column":19},"end":{"line":40,"column":null}},"8":{"start":{"line":43,"column":19},"end":{"line":43,"column":null}},"9":{"start":{"line":44,"column":2},"end":{"line":44,"column":null}},"10":{"start":{"line":44,"column":16},"end":{"line":44,"column":null}},"11":{"start":{"line":47,"column":2},"end":{"line":47,"column":null}},"12":{"start":{"line":51,"column":25},"end":{"line":51,"column":null}},"13":{"start":{"line":53,"column":13},"end":{"line":100,"column":null}},"14":{"start":{"line":56,"column":56},"end":{"line":60,"column":null}},"15":{"start":{"line":63,"column":25},"end":{"line":68,"column":null}},"16":{"start":{"line":64,"column":67},"end":{"line":67,"column":5}},"17":{"start":{"line":70,"column":52},"end":{"line":80,"column":null}},"18":{"start":{"line":83,"column":4},"end":{"line":86,"column":null}},"19":{"start":{"line":90,"column":16},"end":{"line":92,"column":null}},"20":{"start":{"line":91,"column":4},"end":{"line":91,"column":null}},"21":{"start":{"line":94,"column":2},"end":{"line":99,"column":null}}},"fnMap":{"0":{"name":"(anonymous_0)","decl":{"start":{"line":23,"column":13},"end":{"line":23,"column":35}},"loc":{"start":{"line":33,"column":14},"end":{"line":48,"column":null}},"line":33},"1":{"name":"(anonymous_1)","decl":{"start":{"line":53,"column":13},"end":{"line":53,"column":28}},"loc":{"start":{"line":53,"column":95},"end":{"line":100,"column":null}},"line":53},"2":{"name":"(anonymous_2)","decl":{"start":{"line":64,"column":42},"end":{"line":64,"column":47}},"loc":{"start":{"line":64,"column":67},"end":{"line":67,"column":5}},"line":64},"3":{"name":"(anonymous_3)","decl":{"start":{"line":90,"column":33},"end":{"line":90,"column":52}},"loc":{"start":{"line":91,"column":4},"end":{"line":91,"column":null}},"line":91}},"branchMap":{"0":{"loc":{"start":{"line":38,"column":2},"end":{"line":38,"column":null}},"type":"if","locations":[{"start":{"line":38,"column":2},"end":{"line":38,"column":null}},{"start":{},"end":{}}],"line":38},"1":{"loc":{"start":{"line":38,"column":6},"end":{"line":38,"column":44}},"type":"binary-expr","locations":[{"start":{"line":38,"column":6},"end":{"line":38,"column":16}},{"start":{"line":38,"column":16},"end":{"line":38,"column":44}}],"line":38},"2":{"loc":{"start":{"line":40,"column":2},"end":{"line":40,"column":null}},"type":"if","locations":[{"start":{"line":40,"column":2},"end":{"line":40,"column":null}},{"start":{},"end":{}}],"line":40},"3":{"loc":{"start":{"line":40,"column":33},"end":{"line":40,"column":48}},"type":"binary-expr","locations":[{"start":{"line":40,"column":33},"end":{"line":40,"column":45}},{"start":{"line":40,"column":45},"end":{"line":40,"column":48}}],"line":40},"4":{"loc":{"start":{"line":44,"column":2},"end":{"line":44,"column":null}},"type":"if","locations":[{"start":{"line":44,"column":2},"end":{"line":44,"column":null}},{"start":{},"end":{}}],"line":44},"5":{"loc":{"start":{"line":47,"column":40},"end":{"line":47,"column":55}},"type":"binary-expr","locations":[{"start":{"line":47,"column":40},"end":{"line":47,"column":52}},{"start":{"line":47,"column":52},"end":{"line":47,"column":55}}],"line":47},"6":{"loc":{"start":{"line":58,"column":11},"end":{"line":58,"column":null}},"type":"binary-expr","locations":[{"start":{"line":58,"column":11},"end":{"line":58,"column":26}},{"start":{"line":58,"column":26},"end":{"line":58,"column":null}}],"line":58},"7":{"loc":{"start":{"line":83,"column":4},"end":{"line":86,"column":null}},"type":"binary-expr","locations":[{"start":{"line":83,"column":4},"end":{"line":83,"column":null}},{"start":{"line":84,"column":4},"end":{"line":84,"column":null}},{"start":{"line":85,"column":4},"end":{"line":85,"column":null}},{"start":{"line":86,"column":4},"end":{"line":86,"column":null}}],"line":83},"8":{"loc":{"start":{"line":91,"column":4},"end":{"line":91,"column":null}},"type":"cond-expr","locations":[{"start":{"line":91,"column":24},"end":{"line":91,"column":77}},{"start":{"line":91,"column":77},"end":{"line":91,"column":null}}],"line":91}},"s":{"0":35,"1":35,"2":381,"3":381,"4":381,"5":1,"6":380,"7":380,"8":0,"9":381,"10":0,"11":0,"12":35,"13":35,"14":305,"15":305,"16":372,"17":305,"18":305,"19":305,"20":425,"21":305},"f":{"0":381,"1":305,"2":372,"3":425},"b":{"0":[1,380],"1":[381,1],"2":[380,0],"3":[380,0],"4":[0,381],"5":[0,0],"6":[305,220],"7":[305,300,300,300],"8":[419,6]},"meta":{"lastBranch":9,"lastFunction":4,"lastStatement":22,"seen":{"s:4:38:6:Infinity":0,"s:23:13:48:Infinity":1,"f:23:13:23:35":0,"s:34:8:34:Infinity":2,"s:37:17:37:Infinity":3,"b:38:2:38:Infinity:undefined:undefined:undefined:undefined":0,"s:38:2:38:Infinity":4,"b:38:6:38:16:38:16:38:44":1,"s:38:44:38:Infinity":5,"b:40:2:40:Infinity:undefined:undefined:undefined:undefined":2,"s:40:2:40:Infinity":6,"s:40:19:40:Infinity":7,"b:40:33:40:45:40:45:40:48":3,"s:43:19:43:Infinity":8,"b:44:2:44:Infinity:undefined:undefined:undefined:undefined":4,"s:44:2:44:Infinity":9,"s:44:16:44:Infinity":10,"s:47:2:47:Infinity":11,"b:47:40:47:52:47:52:47:55":5,"s:51:25:51:Infinity":12,"s:53:13:100:Infinity":13,"f:53:13:53:28":1,"s:56:56:60:Infinity":14,"b:58:11:58:26:58:26:58:Infinity":6,"s:63:25:68:Infinity":15,"f:64:42:64:47":2,"s:64:67:67:5":16,"s:70:52:80:Infinity":17,"s:83:4:86:Infinity":18,"b:83:4:83:Infinity:84:4:84:Infinity:85:4:85:Infinity:86:4:86:Infinity":7,"s:90:16:92:Infinity":19,"f:90:33:90:52":3,"s:91:4:91:Infinity":20,"b:91:24:91:77:91:77:91:Infinity":8,"s:94:2:99:Infinity":21}}}
,"D:\\xampp\\htdocs\\mongez\\node\\@warlock.js\\seal\\src\\mutators\\array-mutators.ts": {"path":"D:\\xampp\\htdocs\\mongez\\node\\@warlock.js\\seal\\src\\mutators\\array-mutators.ts","statementMap":{"0":{"start":{"line":6,"column":41},"end":{"line":8,"column":null}},"1":{"start":{"line":7,"column":2},"end":{"line":7,"column":null}},"2":{"start":{"line":11,"column":44},"end":{"line":13,"column":null}},"3":{"start":{"line":12,"column":2},"end":{"line":12,"column":null}},"4":{"start":{"line":16,"column":41},"end":{"line":38,"column":null}},"5":{"start":{"line":17,"column":2},"end":{"line":17,"column":null}},"6":{"start":{"line":17,"column":29},"end":{"line":17,"column":null}},"7":{"start":{"line":19,"column":24},"end":{"line":19,"column":null}},"8":{"start":{"line":20,"column":20},"end":{"line":20,"column":null}},"9":{"start":{"line":22,"column":2},"end":{"line":37,"column":null}},"10":{"start":{"line":23,"column":4},"end":{"line":31,"column":null}},"11":{"start":{"line":24,"column":12},"end":{"line":24,"column":null}},"12":{"start":{"line":25,"column":12},"end":{"line":25,"column":null}},"13":{"start":{"line":27,"column":6},"end":{"line":29,"column":null}},"14":{"start":{"line":28,"column":8},"end":{"line":28,"column":null}},"15":{"start":{"line":30,"column":6},"end":{"line":30,"column":null}},"16":{"start":{"line":33,"column":4},"end":{"line":35,"column":null}},"17":{"start":{"line":34,"column":6},"end":{"line":34,"column":null}},"18":{"start":{"line":36,"column":4},"end":{"line":36,"column":null}},"19":{"start":{"line":41,"column":43},"end":{"line":43,"column":null}},"20":{"start":{"line":42,"column":2},"end":{"line":42,"column":null}},"21":{"start":{"line":46,"column":56},"end":{"line":48,"column":null}},"22":{"start":{"line":47,"column":2},"end":{"line":47,"column":null}},"23":{"start":{"line":47,"column":37},"end":{"line":47,"column":56}}},"fnMap":{"0":{"name":"(anonymous_0)","decl":{"start":{"line":6,"column":41},"end":{"line":6,"column":48}},"loc":{"start":{"line":6,"column":58},"end":{"line":8,"column":null}},"line":6},"1":{"name":"(anonymous_1)","decl":{"start":{"line":11,"column":44},"end":{"line":11,"column":51}},"loc":{"start":{"line":11,"column":61},"end":{"line":13,"column":null}},"line":11},"2":{"name":"(anonymous_2)","decl":{"start":{"line":16,"column":41},"end":{"line":16,"column":48}},"loc":{"start":{"line":16,"column":67},"end":{"line":38,"column":null}},"line":16},"3":{"name":"(anonymous_3)","decl":{"start":{"line":22,"column":15},"end":{"line":22,"column":21}},"loc":{"start":{"line":22,"column":40},"end":{"line":37,"column":3}},"line":22},"4":{"name":"(anonymous_4)","decl":{"start":{"line":41,"column":43},"end":{"line":41,"column":50}},"loc":{"start":{"line":41,"column":60},"end":{"line":43,"column":null}},"line":41},"5":{"name":"(anonymous_5)","decl":{"start":{"line":46,"column":56},"end":{"line":46,"column":63}},"loc":{"start":{"line":46,"column":73},"end":{"line":48,"column":null}},"line":46},"6":{"name":"(anonymous_6)","decl":{"start":{"line":47,"column":15},"end":{"line":47,"column":23}},"loc":{"start":{"line":47,"column":37},"end":{"line":47,"column":56}},"line":47}},"branchMap":{"0":{"loc":{"start":{"line":17,"column":2},"end":{"line":17,"column":null}},"type":"if","locations":[{"start":{"line":17,"column":2},"end":{"line":17,"column":null}},{"start":{},"end":{}}],"line":17},"1":{"loc":{"start":{"line":19,"column":24},"end":{"line":19,"column":null}},"type":"binary-expr","locations":[{"start":{"line":19,"column":24},"end":{"line":19,"column":54}},{"start":{"line":19,"column":54},"end":{"line":19,"column":null}}],"line":19},"2":{"loc":{"start":{"line":20,"column":20},"end":{"line":20,"column":null}},"type":"binary-expr","locations":[{"start":{"line":20,"column":20},"end":{"line":20,"column":44}},{"start":{"line":20,"column":44},"end":{"line":20,"column":null}}],"line":20},"3":{"loc":{"start":{"line":23,"column":4},"end":{"line":31,"column":null}},"type":"if","locations":[{"start":{"line":23,"column":4},"end":{"line":31,"column":null}},{"start":{},"end":{}}],"line":23},"4":{"loc":{"start":{"line":27,"column":6},"end":{"line":29,"column":null}},"type":"if","locations":[{"start":{"line":27,"column":6},"end":{"line":29,"column":null}},{"start":{},"end":{}}],"line":27},"5":{"loc":{"start":{"line":33,"column":4},"end":{"line":35,"column":null}},"type":"if","locations":[{"start":{"line":33,"column":4},"end":{"line":35,"column":null}},{"start":{},"end":{}}],"line":33}},"s":{"0":33,"1":2,"2":33,"3":2,"4":33,"5":4,"6":0,"7":4,"8":4,"9":4,"10":16,"11":8,"12":8,"13":8,"14":4,"15":4,"16":8,"17":4,"18":4,"19":33,"20":2,"21":33,"22":2,"23":10},"f":{"0":2,"1":2,"2":4,"3":16,"4":2,"5":2,"6":10},"b":{"0":[0,4],"1":[4,0],"2":[4,2],"3":[8,8],"4":[4,4],"5":[4,4]},"meta":{"lastBranch":6,"lastFunction":7,"lastStatement":24,"seen":{"s:6:41:8:Infinity":0,"f:6:41:6:48":0,"s:7:2:7:Infinity":1,"s:11:44:13:Infinity":2,"f:11:44:11:51":1,"s:12:2:12:Infinity":3,"s:16:41:38:Infinity":4,"f:16:41:16:48":2,"b:17:2:17:Infinity:undefined:undefined:undefined:undefined":0,"s:17:2:17:Infinity":5,"s:17:29:17:Infinity":6,"s:19:24:19:Infinity":7,"b:19:24:19:54:19:54:19:Infinity":1,"s:20:20:20:Infinity":8,"b:20:20:20:44:20:44:20:Infinity":2,"s:22:2:37:Infinity":9,"f:22:15:22:21":3,"b:23:4:31:Infinity:undefined:undefined:undefined:undefined":3,"s:23:4:31:Infinity":10,"s:24:12:24:Infinity":11,"s:25:12:25:Infinity":12,"b:27:6:29:Infinity:undefined:undefined:undefined:undefined":4,"s:27:6:29:Infinity":13,"s:28:8:28:Infinity":14,"s:30:6:30:Infinity":15,"b:33:4:35:Infinity:undefined:undefined:undefined:undefined":5,"s:33:4:35:Infinity":16,"s:34:6:34:Infinity":17,"s:36:4:36:Infinity":18,"s:41:43:43:Infinity":19,"f:41:43:41:50":4,"s:42:2:42:Infinity":20,"s:46:56:48:Infinity":21,"f:46:56:46:63":5,"s:47:2:47:Infinity":22,"f:47:15:47:23":6,"s:47:37:47:56":23}}}
,"D:\\xampp\\htdocs\\mongez\\node\\@warlock.js\\seal\\src\\mutators\\date-mutators.ts": {"path":"D:\\xampp\\htdocs\\mongez\\node\\@warlock.js\\seal\\src\\mutators\\date-mutators.ts","statementMap":{"0":{"start":{"line":8,"column":36},"end":{"line":25,"column":null}},"1":{"start":{"line":10,"column":2},"end":{"line":12,"column":null}},"2":{"start":{"line":11,"column":4},"end":{"line":11,"column":null}},"3":{"start":{"line":15,"column":2},"end":{"line":17,"column":null}},"4":{"start":{"line":16,"column":4},"end":{"line":16,"column":null}},"5":{"start":{"line":20,"column":15},"end":{"line":20,"column":null}},"6":{"start":{"line":24,"column":2},"end":{"line":24,"column":null}},"7":{"start":{"line":28,"column":43},"end":{"line":31,"column":null}},"8":{"start":{"line":29,"column":15},"end":{"line":29,"column":null}},"9":{"start":{"line":30,"column":2},"end":{"line":30,"column":null}},"10":{"start":{"line":34,"column":43},"end":{"line":37,"column":null}},"11":{"start":{"line":35,"column":15},"end":{"line":35,"column":null}},"12":{"start":{"line":36,"column":2},"end":{"line":36,"column":null}},"13":{"start":{"line":40,"column":44},"end":{"line":44,"column":null}},"14":{"start":{"line":41,"column":15},"end":{"line":41,"column":null}},"15":{"start":{"line":42,"column":2},"end":{"line":42,"column":null}},"16":{"start":{"line":43,"column":2},"end":{"line":43,"column":null}},"17":{"start":{"line":47,"column":42},"end":{"line":51,"column":null}},"18":{"start":{"line":48,"column":15},"end":{"line":48,"column":null}},"19":{"start":{"line":49,"column":2},"end":{"line":49,"column":null}},"20":{"start":{"line":50,"column":2},"end":{"line":50,"column":null}},"21":{"start":{"line":54,"column":39},"end":{"line":59,"column":null}},"22":{"start":{"line":55,"column":15},"end":{"line":55,"column":null}},"23":{"start":{"line":56,"column":15},"end":{"line":56,"column":null}},"24":{"start":{"line":57,"column":2},"end":{"line":57,"column":null}},"25":{"start":{"line":58,"column":2},"end":{"line":58,"column":null}},"26":{"start":{"line":62,"column":41},"end":{"line":67,"column":null}},"27":{"start":{"line":63,"column":15},"end":{"line":63,"column":null}},"28":{"start":{"line":64,"column":17},"end":{"line":64,"column":null}},"29":{"start":{"line":65,"column":2},"end":{"line":65,"column":null}},"30":{"start":{"line":66,"column":2},"end":{"line":66,"column":null}},"31":{"start":{"line":70,"column":40},"end":{"line":75,"column":null}},"32":{"start":{"line":71,"column":15},"end":{"line":71,"column":null}},"33":{"start":{"line":72,"column":16},"end":{"line":72,"column":null}},"34":{"start":{"line":73,"column":2},"end":{"line":73,"column":null}},"35":{"start":{"line":74,"column":2},"end":{"line":74,"column":null}},"36":{"start":{"line":78,"column":40},"end":{"line":83,"column":null}},"37":{"start":{"line":79,"column":15},"end":{"line":79,"column":null}},"38":{"start":{"line":80,"column":16},"end":{"line":80,"column":null}},"39":{"start":{"line":81,"column":2},"end":{"line":81,"column":null}},"40":{"start":{"line":82,"column":2},"end":{"line":82,"column":null}},"41":{"start":{"line":86,"column":37},"end":{"line":89,"column":null}},"42":{"start":{"line":87,"column":15},"end":{"line":87,"column":null}},"43":{"start":{"line":88,"column":2},"end":{"line":88,"column":null}},"44":{"start":{"line":92,"column":40},"end":{"line":95,"column":null}},"45":{"start":{"line":93,"column":17},"end":{"line":93,"column":null}},"46":{"start":{"line":94,"column":2},"end":{"line":94,"column":null}},"47":{"start":{"line":98,"column":42},"end":{"line":101,"column":null}},"48":{"start":{"line":99,"column":15},"end":{"line":99,"column":null}},"49":{"start":{"line":100,"column":2},"end":{"line":100,"column":null}},"50":{"start":{"line":104,"column":42},"end":{"line":107,"column":null}},"51":{"start":{"line":105,"column":15},"end":{"line":105,"column":null}},"52":{"start":{"line":106,"column":2},"end":{"line":106,"column":null}},"53":{"start":{"line":110,"column":46},"end":{"line":115,"column":null}},"54":{"start":{"line":111,"column":15},"end":{"line":111,"column":null}},"55":{"start":{"line":112,"column":2},"end":{"line":112,"column":null}},"56":{"start":{"line":113,"column":2},"end":{"line":113,"column":null}},"57":{"start":{"line":114,"column":2},"end":{"line":114,"column":null}},"58":{"start":{"line":118,"column":44},"end":{"line":124,"column":null}},"59":{"start":{"line":119,"column":15},"end":{"line":119,"column":null}},"60":{"start":{"line":120,"column":2},"end":{"line":120,"column":null}},"61":{"start":{"line":121,"column":2},"end":{"line":121,"column":null}},"62":{"start":{"line":122,"column":2},"end":{"line":122,"column":null}},"63":{"start":{"line":123,"column":2},"end":{"line":123,"column":null}},"64":{"start":{"line":127,"column":45},"end":{"line":133,"column":null}},"65":{"start":{"line":128,"column":15},"end":{"line":128,"column":null}},"66":{"start":{"line":129,"column":2},"end":{"line":129,"column":null}},"67":{"start":{"line":130,"column":2},"end":{"line":130,"column":null}},"68":{"start":{"line":131,"column":2},"end":{"line":131,"column":null}},"69":{"start":{"line":132,"column":2},"end":{"line":132,"column":null}},"70":{"start":{"line":136,"column":43},"end":{"line":142,"column":null}},"71":{"start":{"line":137,"column":15},"end":{"line":137,"column":null}},"72":{"start":{"line":138,"column":2},"end":{"line":138,"column":null}},"73":{"start":{"line":139,"column":2},"end":{"line":139,"column":null}},"74":{"start":{"line":140,"column":2},"end":{"line":140,"column":null}},"75":{"start":{"line":141,"column":2},"end":{"line":141,"column":null}}},"fnMap":{"0":{"name":"(anonymous_0)","decl":{"start":{"line":8,"column":36},"end":{"line":8,"column":43}},"loc":{"start":{"line":8,"column":53},"end":{"line":25,"column":null}},"line":8},"1":{"name":"(anonymous_1)","decl":{"start":{"line":28,"column":43},"end":{"line":28,"column":50}},"loc":{"start":{"line":28,"column":60},"end":{"line":31,"column":null}},"line":28},"2":{"name":"(anonymous_2)","decl":{"start":{"line":34,"column":43},"end":{"line":34,"column":50}},"loc":{"start":{"line":34,"column":60},"end":{"line":37,"column":null}},"line":34},"3":{"name":"(anonymous_3)","decl":{"start":{"line":40,"column":44},"end":{"line":40,"column":51}},"loc":{"start":{"line":40,"column":61},"end":{"line":44,"column":null}},"line":40},"4":{"name":"(anonymous_4)","decl":{"start":{"line":47,"column":42},"end":{"line":47,"column":49}},"loc":{"start":{"line":47,"column":59},"end":{"line":51,"column":null}},"line":47},"5":{"name":"(anonymous_5)","decl":{"start":{"line":54,"column":39},"end":{"line":54,"column":46}},"loc":{"start":{"line":54,"column":65},"end":{"line":59,"column":null}},"line":54},"6":{"name":"(anonymous_6)","decl":{"start":{"line":62,"column":41},"end":{"line":62,"column":48}},"loc":{"start":{"line":62,"column":67},"end":{"line":67,"column":null}},"line":62},"7":{"name":"(anonymous_7)","decl":{"start":{"line":70,"column":40},"end":{"line":70,"column":47}},"loc":{"start":{"line":70,"column":66},"end":{"line":75,"column":null}},"line":70},"8":{"name":"(anonymous_8)","decl":{"start":{"line":78,"column":40},"end":{"line":78,"column":47}},"loc":{"start":{"line":78,"column":66},"end":{"line":83,"column":null}},"line":78},"9":{"name":"(anonymous_9)","decl":{"start":{"line":86,"column":37},"end":{"line":86,"column":44}},"loc":{"start":{"line":86,"column":54},"end":{"line":89,"column":null}},"line":86},"10":{"name":"(anonymous_10)","decl":{"start":{"line":92,"column":40},"end":{"line":92,"column":47}},"loc":{"start":{"line":92,"column":66},"end":{"line":95,"column":null}},"line":92},"11":{"name":"(anonymous_11)","decl":{"start":{"line":98,"column":42},"end":{"line":98,"column":49}},"loc":{"start":{"line":98,"column":59},"end":{"line":101,"column":null}},"line":98},"12":{"name":"(anonymous_12)","decl":{"start":{"line":104,"column":42},"end":{"line":104,"column":49}},"loc":{"start":{"line":104,"column":59},"end":{"line":107,"column":null}},"line":104},"13":{"name":"(anonymous_13)","decl":{"start":{"line":110,"column":46},"end":{"line":110,"column":53}},"loc":{"start":{"line":110,"column":63},"end":{"line":115,"column":null}},"line":110},"14":{"name":"(anonymous_14)","decl":{"start":{"line":118,"column":44},"end":{"line":118,"column":51}},"loc":{"start":{"line":118,"column":61},"end":{"line":124,"column":null}},"line":118},"15":{"name":"(anonymous_15)","decl":{"start":{"line":127,"column":45},"end":{"line":127,"column":52}},"loc":{"start":{"line":127,"column":62},"end":{"line":133,"column":null}},"line":127},"16":{"name":"(anonymous_16)","decl":{"start":{"line":136,"column":43},"end":{"line":136,"column":50}},"loc":{"start":{"line":136,"column":60},"end":{"line":142,"column":null}},"line":136}},"branchMap":{"0":{"loc":{"start":{"line":10,"column":2},"end":{"line":12,"column":null}},"type":"if","locations":[{"start":{"line":10,"column":2},"end":{"line":12,"column":null}},{"start":{},"end":{}}],"line":10},"1":{"loc":{"start":{"line":15,"column":2},"end":{"line":17,"column":null}},"type":"if","locations":[{"start":{"line":15,"column":2},"end":{"line":17,"column":null}},{"start":{},"end":{}}],"line":15},"2":{"loc":{"start":{"line":56,"column":15},"end":{"line":56,"column":null}},"type":"binary-expr","locations":[{"start":{"line":56,"column":15},"end":{"line":56,"column":40}},{"start":{"line":56,"column":40},"end":{"line":56,"column":null}}],"line":56},"3":{"loc":{"start":{"line":64,"column":17},"end":{"line":64,"column":null}},"type":"binary-expr","locations":[{"start":{"line":64,"column":17},"end":{"line":64,"column":44}},{"start":{"line":64,"column":44},"end":{"line":64,"column":null}}],"line":64},"4":{"loc":{"start":{"line":72,"column":16},"end":{"line":72,"column":null}},"type":"binary-expr","locations":[{"start":{"line":72,"column":16},"end":{"line":72,"column":42}},{"start":{"line":72,"column":42},"end":{"line":72,"column":null}}],"line":72},"5":{"loc":{"start":{"line":80,"column":16},"end":{"line":80,"column":null}},"type":"binary-expr","locations":[{"start":{"line":80,"column":16},"end":{"line":80,"column":42}},{"start":{"line":80,"column":42},"end":{"line":80,"column":null}}],"line":80},"6":{"loc":{"start":{"line":93,"column":17},"end":{"line":93,"column":null}},"type":"binary-expr","locations":[{"start":{"line":93,"column":17},"end":{"line":93,"column":44}},{"start":{"line":93,"column":44},"end":{"line":93,"column":null}}],"line":93}},"s":{"0":33,"1":24,"2":1,"3":23,"4":3,"5":20,"6":20,"7":33,"8":0,"9":0,"10":33,"11":0,"12":0,"13":33,"14":1,"15":1,"16":1,"17":33,"18":1,"19":1,"20":1,"21":33,"22":1,"23":1,"24":1,"25":1,"26":33,"27":1,"28":1,"29":1,"30":1,"31":33,"32":1,"33":1,"34":1,"35":1,"36":33,"37":1,"38":1,"39":1,"40":1,"41":33,"42":0,"43":0,"44":33,"45":0,"46":0,"47":33,"48":0,"49":0,"50":33,"51":0,"52":0,"53":33,"54":1,"55":1,"56":1,"57":1,"58":33,"59":1,"60":1,"61":1,"62":1,"63":1,"64":33,"65":1,"66":1,"67":1,"68":1,"69":1,"70":33,"71":1,"72":1,"73":1,"74":1,"75":1},"f":{"0":24,"1":0,"2":0,"3":1,"4":1,"5":1,"6":1,"7":1,"8":1,"9":0,"10":0,"11":0,"12":0,"13":1,"14":1,"15":1,"16":1},"b":{"0":[1,23],"1":[3,20],"2":[1,0],"3":[1,0],"4":[1,0],"5":[1,0],"6":[0,0]},"meta":{"lastBranch":7,"lastFunction":17,"lastStatement":76,"seen":{"s:8:36:25:Infinity":0,"f:8:36:8:43":0,"b:10:2:12:Infinity:undefined:undefined:undefined:undefined":0,"s:10:2:12:Infinity":1,"s:11:4:11:Infinity":2,"b:15:2:17:Infinity:undefined:undefined:undefined:undefined":1,"s:15:2:17:Infinity":3,"s:16:4:16:Infinity":4,"s:20:15:20:Infinity":5,"s:24:2:24:Infinity":6,"s:28:43:31:Infinity":7,"f:28:43:28:50":1,"s:29:15:29:Infinity":8,"s:30:2:30:Infinity":9,"s:34:43:37:Infinity":10,"f:34:43:34:50":2,"s:35:15:35:Infinity":11,"s:36:2:36:Infinity":12,"s:40:44:44:Infinity":13,"f:40:44:40:51":3,"s:41:15:41:Infinity":14,"s:42:2:42:Infinity":15,"s:43:2:43:Infinity":16,"s:47:42:51:Infinity":17,"f:47:42:47:49":4,"s:48:15:48:Infinity":18,"s:49:2:49:Infinity":19,"s:50:2:50:Infinity":20,"s:54:39:59:Infinity":21,"f:54:39:54:46":5,"s:55:15:55:Infinity":22,"s:56:15:56:Infinity":23,"b:56:15:56:40:56:40:56:Infinity":2,"s:57:2:57:Infinity":24,"s:58:2:58:Infinity":25,"s:62:41:67:Infinity":26,"f:62:41:62:48":6,"s:63:15:63:Infinity":27,"s:64:17:64:Infinity":28,"b:64:17:64:44:64:44:64:Infinity":3,"s:65:2:65:Infinity":29,"s:66:2:66:Infinity":30,"s:70:40:75:Infinity":31,"f:70:40:70:47":7,"s:71:15:71:Infinity":32,"s:72:16:72:Infinity":33,"b:72:16:72:42:72:42:72:Infinity":4,"s:73:2:73:Infinity":34,"s:74:2:74:Infinity":35,"s:78:40:83:Infinity":36,"f:78:40:78:47":8,"s:79:15:79:Infinity":37,"s:80:16:80:Infinity":38,"b:80:16:80:42:80:42:80:Infinity":5,"s:81:2:81:Infinity":39,"s:82:2:82:Infinity":40,"s:86:37:89:Infinity":41,"f:86:37:86:44":9,"s:87:15:87:Infinity":42,"s:88:2:88:Infinity":43,"s:92:40:95:Infinity":44,"f:92:40:92:47":10,"s:93:17:93:Infinity":45,"b:93:17:93:44:93:44:93:Infinity":6,"s:94:2:94:Infinity":46,"s:98:42:101:Infinity":47,"f:98:42:98:49":11,"s:99:15:99:Infinity":48,"s:100:2:100:Infinity":49,"s:104:42:107:Infinity":50,"f:104:42:104:49":12,"s:105:15:105:Infinity":51,"s:106:2:106:Infinity":52,"s:110:46:115:Infinity":53,"f:110:46:110:53":13,"s:111:15:111:Infinity":54,"s:112:2:112:Infinity":55,"s:113:2:113:Infinity":56,"s:114:2:114:Infinity":57,"s:118:44:124:Infinity":58,"f:118:44:118:51":14,"s:119:15:119:Infinity":59,"s:120:2:120:Infinity":60,"s:121:2:121:Infinity":61,"s:122:2:122:Infinity":62,"s:123:2:123:Infinity":63,"s:127:45:133:Infinity":64,"f:127:45:127:52":15,"s:128:15:128:Infinity":65,"s:129:2:129:Infinity":66,"s:130:2:130:Infinity":67,"s:131:2:131:Infinity":68,"s:132:2:132:Infinity":69,"s:136:43:142:Infinity":70,"f:136:43:136:50":16,"s:137:15:137:Infinity":71,"s:138:2:138:Infinity":72,"s:139:2:139:Infinity":73,"s:140:2:140:Infinity":74,"s:141:2:141:Infinity":75}}}
,"D:\\xampp\\htdocs\\mongez\\node\\@warlock.js\\seal\\src\\mutators\\number-mutators.ts": {"path":"D:\\xampp\\htdocs\\mongez\\node\\@warlock.js\\seal\\src\\mutators\\number-mutators.ts","statementMap":{"0":{"start":{"line":6,"column":38},"end":{"line":9,"column":null}},"1":{"start":{"line":7,"column":2},"end":{"line":7,"column":null}},"2":{"start":{"line":7,"column":14},"end":{"line":7,"column":null}},"3":{"start":{"line":8,"column":2},"end":{"line":8,"column":null}},"4":{"start":{"line":12,"column":43},"end":{"line":14,"column":null}},"5":{"start":{"line":13,"column":2},"end":{"line":13,"column":null}},"6":{"start":{"line":17,"column":39},"end":{"line":21,"column":null}},"7":{"start":{"line":18,"column":2},"end":{"line":18,"column":null}},"8":{"start":{"line":18,"column":24},"end":{"line":18,"column":null}},"9":{"start":{"line":19,"column":2},"end":{"line":19,"column":null}},"10":{"start":{"line":19,"column":25},"end":{"line":19,"column":null}},"11":{"start":{"line":20,"column":2},"end":{"line":20,"column":null}},"12":{"start":{"line":23,"column":39},"end":{"line":26,"column":null}},"13":{"start":{"line":24,"column":2},"end":{"line":24,"column":null}},"14":{"start":{"line":24,"column":25},"end":{"line":24,"column":null}},"15":{"start":{"line":25,"column":2},"end":{"line":25,"column":null}},"16":{"start":{"line":29,"column":35},"end":{"line":31,"column":null}},"17":{"start":{"line":30,"column":2},"end":{"line":30,"column":null}},"18":{"start":{"line":34,"column":36},"end":{"line":36,"column":null}},"19":{"start":{"line":35,"column":2},"end":{"line":35,"column":null}},"20":{"start":{"line":39,"column":37},"end":{"line":41,"column":null}},"21":{"start":{"line":40,"column":2},"end":{"line":40,"column":null}},"22":{"start":{"line":47,"column":37},"end":{"line":55,"column":null}},"23":{"start":{"line":48,"column":19},"end":{"line":48,"column":null}},"24":{"start":{"line":50,"column":2},"end":{"line":52,"column":null}},"25":{"start":{"line":51,"column":4},"end":{"line":51,"column":null}},"26":{"start":{"line":54,"column":2},"end":{"line":54,"column":null}},"27":{"start":{"line":58,"column":39},"end":{"line":61,"column":null}},"28":{"start":{"line":59,"column":19},"end":{"line":59,"column":null}},"29":{"start":{"line":60,"column":2},"end":{"line":60,"column":null}}},"fnMap":{"0":{"name":"(anonymous_0)","decl":{"start":{"line":6,"column":38},"end":{"line":6,"column":45}},"loc":{"start":{"line":6,"column":55},"end":{"line":9,"column":null}},"line":6},"1":{"name":"(anonymous_1)","decl":{"start":{"line":12,"column":43},"end":{"line":12,"column":50}},"loc":{"start":{"line":12,"column":69},"end":{"line":14,"column":null}},"line":12},"2":{"name":"(anonymous_2)","decl":{"start":{"line":17,"column":39},"end":{"line":17,"column":46}},"loc":{"start":{"line":17,"column":56},"end":{"line":21,"column":null}},"line":17},"3":{"name":"(anonymous_3)","decl":{"start":{"line":23,"column":39},"end":{"line":23,"column":46}},"loc":{"start":{"line":23,"column":56},"end":{"line":26,"column":null}},"line":23},"4":{"name":"(anonymous_4)","decl":{"start":{"line":29,"column":35},"end":{"line":29,"column":42}},"loc":{"start":{"line":29,"column":52},"end":{"line":31,"column":null}},"line":29},"5":{"name":"(anonymous_5)","decl":{"start":{"line":34,"column":36},"end":{"line":34,"column":43}},"loc":{"start":{"line":34,"column":53},"end":{"line":36,"column":null}},"line":34},"6":{"name":"(anonymous_6)","decl":{"start":{"line":39,"column":37},"end":{"line":39,"column":44}},"loc":{"start":{"line":39,"column":54},"end":{"line":41,"column":null}},"line":39},"7":{"name":"(anonymous_7)","decl":{"start":{"line":47,"column":37},"end":{"line":47,"column":44}},"loc":{"start":{"line":47,"column":63},"end":{"line":55,"column":null}},"line":47},"8":{"name":"(anonymous_8)","decl":{"start":{"line":58,"column":39},"end":{"line":58,"column":46}},"loc":{"start":{"line":58,"column":65},"end":{"line":61,"column":null}},"line":58}},"branchMap":{"0":{"loc":{"start":{"line":7,"column":2},"end":{"line":7,"column":null}},"type":"if","locations":[{"start":{"line":7,"column":2},"end":{"line":7,"column":null}},{"start":{},"end":{}}],"line":7},"1":{"loc":{"start":{"line":13,"column":22},"end":{"line":13,"column":53}},"type":"binary-expr","locations":[{"start":{"line":13,"column":22},"end":{"line":13,"column":52}},{"start":{"line":13,"column":52},"end":{"line":13,"column":53}}],"line":13},"2":{"loc":{"start":{"line":18,"column":2},"end":{"line":18,"column":null}},"type":"if","locations":[{"start":{"line":18,"column":2},"end":{"line":18,"column":null}},{"start":{},"end":{}}],"line":18},"3":{"loc":{"start":{"line":19,"column":2},"end":{"line":19,"column":null}},"type":"if","locations":[{"start":{"line":19,"column":2},"end":{"line":19,"column":null}},{"start":{},"end":{}}],"line":19},"4":{"loc":{"start":{"line":24,"column":2},"end":{"line":24,"column":null}},"type":"if","locations":[{"start":{"line":24,"column":2},"end":{"line":24,"column":null}},{"start":{},"end":{}}],"line":24},"5":{"loc":{"start":{"line":48,"column":19},"end":{"line":48,"column":null}},"type":"binary-expr","locations":[{"start":{"line":48,"column":19},"end":{"line":48,"column":49}},{"start":{"line":48,"column":49},"end":{"line":48,"column":null}}],"line":48},"6":{"loc":{"start":{"line":50,"column":2},"end":{"line":52,"column":null}},"type":"if","locations":[{"start":{"line":50,"column":2},"end":{"line":52,"column":null}},{"start":{},"end":{}}],"line":50},"7":{"loc":{"start":{"line":59,"column":19},"end":{"line":59,"column":null}},"type":"binary-expr","locations":[{"start":{"line":59,"column":19},"end":{"line":59,"column":49}},{"start":{"line":59,"column":49},"end":{"line":59,"column":null}}],"line":59}},"s":{"0":33,"1":4,"2":0,"3":4,"4":33,"5":2,"6":33,"7":1,"8":1,"9":0,"10":0,"11":0,"12":33,"13":10,"14":2,"15":8,"16":33,"17":3,"18":33,"19":2,"20":33,"21":2,"22":33,"23":2,"24":2,"25":2,"26":0,"27":33,"28":0,"29":0},"f":{"0":4,"1":2,"2":1,"3":10,"4":3,"5":2,"6":2,"7":2,"8":0},"b":{"0":[0,4],"1":[2,1],"2":[1,0],"3":[0,0],"4":[2,8],"5":[2,0],"6":[2,0],"7":[0,0]},"meta":{"lastBranch":8,"lastFunction":9,"lastStatement":30,"seen":{"s:6:38:9:Infinity":0,"f:6:38:6:45":0,"b:7:2:7:Infinity:undefined:undefined:undefined:undefined":0,"s:7:2:7:Infinity":1,"s:7:14:7:Infinity":2,"s:8:2:8:Infinity":3,"s:12:43:14:Infinity":4,"f:12:43:12:50":1,"s:13:2:13:Infinity":5,"b:13:22:13:52:13:52:13:53":1,"s:17:39:21:Infinity":6,"f:17:39:17:46":2,"b:18:2:18:Infinity:undefined:undefined:undefined:undefined":2,"s:18:2:18:Infinity":7,"s:18:24:18:Infinity":8,"b:19:2:19:Infinity:undefined:undefined:undefined:undefined":3,"s:19:2:19:Infinity":9,"s:19:25:19:Infinity":10,"s:20:2:20:Infinity":11,"s:23:39:26:Infinity":12,"f:23:39:23:46":3,"b:24:2:24:Infinity:undefined:undefined:undefined:undefined":4,"s:24:2:24:Infinity":13,"s:24:25:24:Infinity":14,"s:25:2:25:Infinity":15,"s:29:35:31:Infinity":16,"f:29:35:29:42":4,"s:30:2:30:Infinity":17,"s:34:36:36:Infinity":18,"f:34:36:34:43":5,"s:35:2:35:Infinity":19,"s:39:37:41:Infinity":20,"f:39:37:39:44":6,"s:40:2:40:Infinity":21,"s:47:37:55:Infinity":22,"f:47:37:47:44":7,"s:48:19:48:Infinity":23,"b:48:19:48:49:48:49:48:Infinity":5,"b:50:2:52:Infinity:undefined:undefined:undefined:undefined":6,"s:50:2:52:Infinity":24,"s:51:4:51:Infinity":25,"s:54:2:54:Infinity":26,"s:58:39:61:Infinity":27,"f:58:39:58:46":8,"s:59:19:59:Infinity":28,"b:59:19:59:49:59:49:59:Infinity":7,"s:60:2:60:Infinity":29}}}
,"D:\\xampp\\htdocs\\mongez\\node\\@warlock.js\\seal\\src\\mutators\\object-mutators.ts": {"path":"D:\\xampp\\htdocs\\mongez\\node\\@warlock.js\\seal\\src\\mutators\\object-mutators.ts","statementMap":{"0":{"start":{"line":6,"column":44},"end":{"line":21,"column":null}},"1":{"start":{"line":7,"column":22},"end":{"line":10,"column":null}},"2":{"start":{"line":12,"column":38},"end":{"line":12,"column":null}},"3":{"start":{"line":14,"column":2},"end":{"line":18,"column":null}},"4":{"start":{"line":15,"column":4},"end":{"line":17,"column":null}},"5":{"start":{"line":16,"column":6},"end":{"line":16,"column":null}},"6":{"start":{"line":20,"column":2},"end":{"line":20,"column":null}},"7":{"start":{"line":24,"column":42},"end":{"line":51,"column":null}},"8":{"start":{"line":25,"column":2},"end":{"line":25,"column":null}},"9":{"start":{"line":25,"column":29},"end":{"line":25,"column":null}},"10":{"start":{"line":27,"column":38},"end":{"line":27,"column":null}},"11":{"start":{"line":28,"column":20},"end":{"line":28,"column":null}},"12":{"start":{"line":30,"column":2},"end":{"line":48,"column":null}},"13":{"start":{"line":31,"column":17},"end":{"line":31,"column":null}},"14":{"start":{"line":33,"column":4},"end":{"line":47,"column":null}},"15":{"start":{"line":34,"column":6},"end":{"line":44,"column":null}},"16":{"start":{"line":35,"column":8},"end":{"line":39,"column":null}},"17":{"start":{"line":37,"column":12},"end":{"line":37,"column":null}},"18":{"start":{"line":40,"column":13},"end":{"line":44,"column":null}},"19":{"start":{"line":41,"column":8},"end":{"line":41,"column":null}},"20":{"start":{"line":43,"column":8},"end":{"line":43,"column":null}},"21":{"start":{"line":46,"column":6},"end":{"line":46,"column":null}},"22":{"start":{"line":50,"column":2},"end":{"line":50,"column":null}},"23":{"start":{"line":54,"column":36},"end":{"line":60,"column":null}},"24":{"start":{"line":55,"column":2},"end":{"line":59,"column":null}},"25":{"start":{"line":56,"column":4},"end":{"line":56,"column":null}},"26":{"start":{"line":58,"column":4},"end":{"line":58,"column":null}}},"fnMap":{"0":{"name":"(anonymous_0)","decl":{"start":{"line":6,"column":44},"end":{"line":6,"column":51}},"loc":{"start":{"line":6,"column":70},"end":{"line":21,"column":null}},"line":6},"1":{"name":"(anonymous_1)","decl":{"start":{"line":24,"column":42},"end":{"line":24,"column":49}},"loc":{"start":{"line":24,"column":68},"end":{"line":51,"column":null}},"line":24},"2":{"name":"(anonymous_2)","decl":{"start":{"line":36,"column":19},"end":{"line":36,"column":26}},"loc":{"start":{"line":37,"column":12},"end":{"line":37,"column":null}},"line":37},"3":{"name":"(anonymous_3)","decl":{"start":{"line":54,"column":36},"end":{"line":54,"column":43}},"loc":{"start":{"line":54,"column":53},"end":{"line":60,"column":null}},"line":54}},"branchMap":{"0":{"loc":{"start":{"line":8,"column":8},"end":{"line":8,"column":null}},"type":"cond-expr","locations":[{"start":{"line":8,"column":30},"end":{"line":8,"column":64}},{"start":{"line":8,"column":64},"end":{"line":8,"column":null}}],"line":8},"1":{"loc":{"start":{"line":9,"column":8},"end":{"line":9,"column":null}},"type":"binary-expr","locations":[{"start":{"line":9,"column":8},"end":{"line":9,"column":40}},{"start":{"line":9,"column":40},"end":{"line":9,"column":null}}],"line":9},"2":{"loc":{"start":{"line":15,"column":4},"end":{"line":17,"column":null}},"type":"if","locations":[{"start":{"line":15,"column":4},"end":{"line":17,"column":null}},{"start":{},"end":{}}],"line":15},"3":{"loc":{"start":{"line":25,"column":2},"end":{"line":25,"column":null}},"type":"if","locations":[{"start":{"line":25,"column":2},"end":{"line":25,"column":null}},{"start":{},"end":{}}],"line":25},"4":{"loc":{"start":{"line":28,"column":20},"end":{"line":28,"column":null}},"type":"binary-expr","locations":[{"start":{"line":28,"column":20},"end":{"line":28,"column":50}},{"start":{"line":28,"column":50},"end":{"line":28,"column":null}}],"line":28},"5":{"loc":{"start":{"line":33,"column":4},"end":{"line":47,"column":null}},"type":"if","locations":[{"start":{"line":33,"column":4},"end":{"line":47,"column":null}},{"start":{"line":45,"column":11},"end":{"line":47,"column":null}}],"line":33},"6":{"loc":{"start":{"line":34,"column":6},"end":{"line":44,"column":null}},"type":"if","locations":[{"start":{"line":34,"column":6},"end":{"line":44,"column":null}},{"start":{"line":40,"column":13},"end":{"line":44,"column":null}}],"line":34},"7":{"loc":{"start":{"line":37,"column":12},"end":{"line":37,"column":null}},"type":"cond-expr","locations":[{"start":{"line":37,"column":25},"end":{"line":37,"column":46}},{"start":{"line":37,"column":46},"end":{"line":37,"column":null}}],"line":37},"8":{"loc":{"start":{"line":40,"column":13},"end":{"line":44,"column":null}},"type":"if","locations":[{"start":{"line":40,"column":13},"end":{"line":44,"column":null}},{"start":{"line":42,"column":13},"end":{"line":44,"column":null}}],"line":40},"9":{"loc":{"start":{"line":43,"column":22},"end":{"line":43,"column":null}},"type":"cond-expr","locations":[{"start":{"line":43,"column":38},"end":{"line":43,"column":62}},{"start":{"line":43,"column":62},"end":{"line":43,"column":null}}],"line":43},"10":{"loc":{"start":{"line":46,"column":20},"end":{"line":46,"column":null}},"type":"cond-expr","locations":[{"start":{"line":46,"column":36},"end":{"line":46,"column":60}},{"start":{"line":46,"column":60},"end":{"line":46,"column":null}}],"line":46}},"s":{"0":33,"1":2,"2":2,"3":2,"4":6,"5":4,"6":2,"7":33,"8":4,"9":0,"10":4,"11":4,"12":4,"13":7,"14":7,"15":5,"16":1,"17":2,"18":4,"19":1,"20":3,"21":2,"22":4,"23":33,"24":2,"25":2,"26":1},"f":{"0":2,"1":4,"2":2,"3":2},"b":{"0":[2,0],"1":[2,1],"2":[4,2],"3":[0,4],"4":[4,0],"5":[5,2],"6":[1,4],"7":[2,0],"8":[1,3],"9":[3,0],"10":[2,0]},"meta":{"lastBranch":11,"lastFunction":4,"lastStatement":27,"seen":{"s:6:44:21:Infinity":0,"f:6:44:6:51":0,"s:7:22:10:Infinity":1,"b:8:30:8:64:8:64:8:Infinity":0,"b:9:8:9:40:9:40:9:Infinity":1,"s:12:38:12:Infinity":2,"s:14:2:18:Infinity":3,"b:15:4:17:Infinity:undefined:undefined:undefined:undefined":2,"s:15:4:17:Infinity":4,"s:16:6:16:Infinity":5,"s:20:2:20:Infinity":6,"s:24:42:51:Infinity":7,"f:24:42:24:49":1,"b:25:2:25:Infinity:undefined:undefined:undefined:undefined":3,"s:25:2:25:Infinity":8,"s:25:29:25:Infinity":9,"s:27:38:27:Infinity":10,"s:28:20:28:Infinity":11,"b:28:20:28:50:28:50:28:Infinity":4,"s:30:2:48:Infinity":12,"s:31:17:31:Infinity":13,"b:33:4:47:Infinity:45:11:47:Infinity":5,"s:33:4:47:Infinity":14,"b:34:6:44:Infinity:40:13:44:Infinity":6,"s:34:6:44:Infinity":15,"s:35:8:39:Infinity":16,"f:36:19:36:26":2,"s:37:12:37:Infinity":17,"b:37:25:37:46:37:46:37:Infinity":7,"b:40:13:44:Infinity:42:13:44:Infinity":8,"s:40:13:44:Infinity":18,"s:41:8:41:Infinity":19,"s:43:8:43:Infinity":20,"b:43:38:43:62:43:62:43:Infinity":9,"s:46:6:46:Infinity":21,"b:46:36:46:60:46:60:46:Infinity":10,"s:50:2:50:Infinity":22,"s:54:36:60:Infinity":23,"f:54:36:54:43":3,"s:55:2:59:Infinity":24,"s:56:4:56:Infinity":25,"s:58:4:58:Infinity":26}}}
,"D:\\xampp\\htdocs\\mongez\\node\\@warlock.js\\seal\\src\\mutators\\scalar-mutators.ts": {"path":"D:\\xampp\\htdocs\\mongez\\node\\@warlock.js\\seal\\src\\mutators\\scalar-mutators.ts","statementMap":{"0":{"start":{"line":3,"column":38},"end":{"line":9,"column":null}},"1":{"start":{"line":4,"column":2},"end":{"line":6,"column":null}},"2":{"start":{"line":5,"column":4},"end":{"line":5,"column":null}},"3":{"start":{"line":8,"column":2},"end":{"line":8,"column":null}}},"fnMap":{"0":{"name":"(anonymous_0)","decl":{"start":{"line":3,"column":38},"end":{"line":3,"column":45}},"loc":{"start":{"line":3,"column":55},"end":{"line":9,"column":null}},"line":3}},"branchMap":{"0":{"loc":{"start":{"line":4,"column":2},"end":{"line":6,"column":null}},"type":"if","locations":[{"start":{"line":4,"column":2},"end":{"line":6,"column":null}},{"start":{},"end":{}}],"line":4}},"s":{"0":33,"1":9,"2":2,"3":7},"f":{"0":9},"b":{"0":[2,7]},"meta":{"lastBranch":1,"lastFunction":1,"lastStatement":4,"seen":{"s:3:38:9:Infinity":0,"f:3:38:3:45":0,"b:4:2:6:Infinity:undefined:undefined:undefined:undefined":0,"s:4:2:6:Infinity":1,"s:5:4:5:Infinity":2,"s:8:2:8:Infinity":3}}}
,"D:\\xampp\\htdocs\\mongez\\node\\@warlock.js\\seal\\src\\mutators\\string-mutators.ts": {"path":"D:\\xampp\\htdocs\\mongez\\node\\@warlock.js\\seal\\src\\mutators\\string-mutators.ts","statementMap":{"0":{"start":{"line":15,"column":41},"end":{"line":17,"column":null}},"1":{"start":{"line":16,"column":2},"end":{"line":16,"column":null}},"2":{"start":{"line":20,"column":41},"end":{"line":22,"column":null}},"3":{"start":{"line":21,"column":2},"end":{"line":21,"column":null}},"4":{"start":{"line":25,"column":42},"end":{"line":28,"column":null}},"5":{"start":{"line":26,"column":14},"end":{"line":26,"column":null}},"6":{"start":{"line":27,"column":2},"end":{"line":27,"column":null}},"7":{"start":{"line":31,"column":41},"end":{"line":33,"column":null}},"8":{"start":{"line":32,"column":2},"end":{"line":32,"column":null}},"9":{"start":{"line":36,"column":41},"end":{"line":47,"column":null}},"10":{"start":{"line":37,"column":2},"end":{"line":37,"column":null}},"11":{"start":{"line":37,"column":29},"end":{"line":37,"column":null}},"12":{"start":{"line":41,"column":2},"end":{"line":41,"column":null}},"13":{"start":{"line":41,"column":33},"end":{"line":41,"column":null}},"14":{"start":{"line":44,"column":2},"end":{"line":46,"column":null}},"15":{"start":{"line":45,"column":4},"end":{"line":45,"column":null}},"16":{"start":{"line":50,"column":36},"end":{"line":52,"column":null}},"17":{"start":{"line":51,"column":2},"end":{"line":51,"column":null}},"18":{"start":{"line":55,"column":40},"end":{"line":57,"column":null}},"19":{"start":{"line":56,"column":2},"end":{"line":56,"column":null}},"20":{"start":{"line":60,"column":42},"end":{"line":68,"column":null}},"21":{"start":{"line":61,"column":2},"end":{"line":67,"column":null}},"22":{"start":{"line":71,"column":55},"end":{"line":73,"column":null}},"23":{"start":{"line":72,"column":2},"end":{"line":72,"column":null}},"24":{"start":{"line":76,"column":41},"end":{"line":78,"column":null}},"25":{"start":{"line":77,"column":2},"end":{"line":77,"column":null}},"26":{"start":{"line":81,"column":41},"end":{"line":83,"column":null}},"27":{"start":{"line":82,"column":2},"end":{"line":82,"column":null}},"28":{"start":{"line":86,"column":41},"end":{"line":88,"column":null}},"29":{"start":{"line":87,"column":2},"end":{"line":87,"column":null}},"30":{"start":{"line":91,"column":42},"end":{"line":93,"column":null}},"31":{"start":{"line":92,"column":2},"end":{"line":92,"column":null}},"32":{"start":{"line":96,"column":41},"end":{"line":98,"column":null}},"33":{"start":{"line":97,"column":2},"end":{"line":97,"column":null}},"34":{"start":{"line":101,"column":41},"end":{"line":103,"column":null}},"35":{"start":{"line":102,"column":2},"end":{"line":102,"column":null}},"36":{"start":{"line":106,"column":36},"end":{"line":115,"column":null}},"37":{"start":{"line":107,"column":2},"end":{"line":114,"column":null}},"38":{"start":{"line":118,"column":37},"end":{"line":120,"column":null}},"39":{"start":{"line":119,"column":2},"end":{"line":119,"column":null}},"40":{"start":{"line":123,"column":37},"end":{"line":125,"column":null}},"41":{"start":{"line":124,"column":2},"end":{"line":124,"column":null}},"42":{"start":{"line":128,"column":44},"end":{"line":130,"column":null}},"43":{"start":{"line":129,"column":2},"end":{"line":129,"column":null}},"44":{"start":{"line":133,"column":44},"end":{"line":135,"column":null}},"45":{"start":{"line":134,"column":2},"end":{"line":134,"column":null}},"46":{"start":{"line":138,"column":39},"end":{"line":142,"column":null}},"47":{"start":{"line":139,"column":30},"end":{"line":139,"column":null}},"48":{"start":{"line":140,"column":2},"end":{"line":140,"column":null}},"49":{"start":{"line":140,"column":15},"end":{"line":140,"column":null}},"50":{"start":{"line":141,"column":2},"end":{"line":141,"column":null}},"51":{"start":{"line":145,"column":42},"end":{"line":150,"column":null}},"52":{"start":{"line":146,"column":30},"end":{"line":146,"column":null}},"53":{"start":{"line":147,"column":2},"end":{"line":147,"column":null}},"54":{"start":{"line":147,"column":15},"end":{"line":147,"column":null}},"55":{"start":{"line":148,"column":22},"end":{"line":148,"column":null}},"56":{"start":{"line":149,"column":2},"end":{"line":149,"column":null}},"57":{"start":{"line":153,"column":38},"end":{"line":156,"column":null}},"58":{"start":{"line":154,"column":17},"end":{"line":154,"column":null}},"59":{"start":{"line":155,"column":2},"end":{"line":155,"column":null}},"60":{"start":{"line":159,"column":39},"end":{"line":162,"column":null}},"61":{"start":{"line":160,"column":17},"end":{"line":160,"column":null}},"62":{"start":{"line":161,"column":2},"end":{"line":161,"column":null}},"63":{"start":{"line":165,"column":39},"end":{"line":167,"column":null}},"64":{"start":{"line":166,"column":2},"end":{"line":166,"column":null}},"65":{"start":{"line":170,"column":40},"end":{"line":175,"column":null}},"66":{"start":{"line":171,"column":14},"end":{"line":171,"column":null}},"67":{"start":{"line":172,"column":20},"end":{"line":172,"column":null}},"68":{"start":{"line":173,"column":17},"end":{"line":173,"column":null}},"69":{"start":{"line":174,"column":2},"end":{"line":174,"column":null}},"70":{"start":{"line":178,"column":54},"end":{"line":180,"column":null}},"71":{"start":{"line":179,"column":2},"end":{"line":179,"column":null}},"72":{"start":{"line":183,"column":40},"end":{"line":187,"column":null}},"73":{"start":{"line":184,"column":17},"end":{"line":184,"column":null}},"74":{"start":{"line":185,"column":15},"end":{"line":185,"column":null}},"75":{"start":{"line":186,"column":2},"end":{"line":186,"column":null}},"76":{"start":{"line":190,"column":38},"end":{"line":194,"column":null}},"77":{"start":{"line":191,"column":17},"end":{"line":191,"column":null}},"78":{"start":{"line":192,"column":15},"end":{"line":192,"column":null}},"79":{"start":{"line":193,"column":2},"end":{"line":193,"column":null}},"80":{"start":{"line":197,"column":38},"end":{"line":200,"column":null}},"81":{"start":{"line":198,"column":16},"end":{"line":198,"column":null}},"82":{"start":{"line":199,"column":2},"end":{"line":199,"column":null}},"83":{"start":{"line":203,"column":36},"end":{"line":212,"column":null}},"84":{"start":{"line":204,"column":14},"end":{"line":204,"column":null}},"85":{"start":{"line":205,"column":19},"end":{"line":205,"column":null}},"86":{"start":{"line":206,"column":16},"end":{"line":206,"column":null}},"87":{"start":{"line":207,"column":14},"end":{"line":207,"column":null}},"88":{"start":{"line":208,"column":23},"end":{"line":208,"column":null}},"89":{"start":{"line":209,"column":21},"end":{"line":209,"column":null}},"90":{"start":{"line":210,"column":23},"end":{"line":210,"column":null}},"91":{"start":{"line":211,"column":2},"end":{"line":211,"column":null}},"92":{"start":{"line":215,"column":44},"end":{"line":223,"column":null}},"93":{"start":{"line":216,"column":2},"end":{"line":222,"column":null}},"94":{"start":{"line":226,"column":41},"end":{"line":228,"column":null}},"95":{"start":{"line":227,"column":2},"end":{"line":227,"column":null}},"96":{"start":{"line":231,"column":48},"end":{"line":233,"column":null}},"97":{"start":{"line":232,"column":2},"end":{"line":232,"column":null}},"98":{"start":{"line":236,"column":45},"end":{"line":238,"column":null}},"99":{"start":{"line":237,"column":2},"end":{"line":237,"column":null}}},"fnMap":{"0":{"name":"(anonymous_0)","decl":{"start":{"line":15,"column":41},"end":{"line":15,"column":48}},"loc":{"start":{"line":15,"column":58},"end":{"line":17,"column":null}},"line":15},"1":{"name":"(anonymous_1)","decl":{"start":{"line":20,"column":41},"end":{"line":20,"column":48}},"loc":{"start":{"line":20,"column":58},"end":{"line":22,"column":null}},"line":20},"2":{"name":"(anonymous_2)","decl":{"start":{"line":25,"column":42},"end":{"line":25,"column":49}},"loc":{"start":{"line":25,"column":59},"end":{"line":28,"column":null}},"line":25},"3":{"name":"(anonymous_3)","decl":{"start":{"line":31,"column":41},"end":{"line":31,"column":48}},"loc":{"start":{"line":31,"column":58},"end":{"line":33,"column":null}},"line":31},"4":{"name":"(anonymous_4)","decl":{"start":{"line":36,"column":41},"end":{"line":36,"column":48}},"loc":{"start":{"line":36,"column":58},"end":{"line":47,"column":null}},"line":36},"5":{"name":"(anonymous_5)","decl":{"start":{"line":50,"column":36},"end":{"line":50,"column":43}},"loc":{"start":{"line":50,"column":62},"end":{"line":52,"column":null}},"line":50},"6":{"name":"(anonymous_6)","decl":{"start":{"line":55,"column":40},"end":{"line":55,"column":47}},"loc":{"start":{"line":55,"column":57},"end":{"line":57,"column":null}},"line":55},"7":{"name":"(anonymous_7)","decl":{"start":{"line":60,"column":42},"end":{"line":60,"column":49}},"loc":{"start":{"line":60,"column":59},"end":{"line":68,"column":null}},"line":60},"8":{"name":"(anonymous_8)","decl":{"start":{"line":71,"column":55},"end":{"line":71,"column":62}},"loc":{"start":{"line":71,"column":72},"end":{"line":73,"column":null}},"line":71},"9":{"name":"(anonymous_9)","decl":{"start":{"line":76,"column":41},"end":{"line":76,"column":48}},"loc":{"start":{"line":76,"column":58},"end":{"line":78,"column":null}},"line":76},"10":{"name":"(anonymous_10)","decl":{"start":{"line":81,"column":41},"end":{"line":81,"column":48}},"loc":{"start":{"line":81,"column":58},"end":{"line":83,"column":null}},"line":81},"11":{"name":"(anonymous_11)","decl":{"start":{"line":86,"column":41},"end":{"line":86,"column":48}},"loc":{"start":{"line":86,"column":58},"end":{"line":88,"column":null}},"line":86},"12":{"name":"(anonymous_12)","decl":{"start":{"line":91,"column":42},"end":{"line":91,"column":49}},"loc":{"start":{"line":91,"column":59},"end":{"line":93,"column":null}},"line":91},"13":{"name":"(anonymous_13)","decl":{"start":{"line":96,"column":41},"end":{"line":96,"column":48}},"loc":{"start":{"line":96,"column":58},"end":{"line":98,"column":null}},"line":96},"14":{"name":"(anonymous_14)","decl":{"start":{"line":101,"column":41},"end":{"line":101,"column":48}},"loc":{"start":{"line":101,"column":58},"end":{"line":103,"column":null}},"line":101},"15":{"name":"(anonymous_15)","decl":{"start":{"line":106,"column":36},"end":{"line":106,"column":43}},"loc":{"start":{"line":106,"column":53},"end":{"line":115,"column":null}},"line":106},"16":{"name":"(anonymous_16)","decl":{"start":{"line":118,"column":37},"end":{"line":118,"column":44}},"loc":{"start":{"line":118,"column":63},"end":{"line":120,"column":null}},"line":118},"17":{"name":"(anonymous_17)","decl":{"start":{"line":123,"column":37},"end":{"line":123,"column":44}},"loc":{"start":{"line":123,"column":63},"end":{"line":125,"column":null}},"line":123},"18":{"name":"(anonymous_18)","decl":{"start":{"line":128,"column":44},"end":{"line":128,"column":51}},"loc":{"start":{"line":128,"column":61},"end":{"line":130,"column":null}},"line":128},"19":{"name":"(anonymous_19)","decl":{"start":{"line":133,"column":44},"end":{"line":133,"column":51}},"loc":{"start":{"line":133,"column":61},"end":{"line":135,"column":null}},"line":133},"20":{"name":"(anonymous_20)","decl":{"start":{"line":138,"column":39},"end":{"line":138,"column":46}},"loc":{"start":{"line":138,"column":65},"end":{"line":142,"column":null}},"line":138},"21":{"name":"(anonymous_21)","decl":{"start":{"line":145,"column":42},"end":{"line":145,"column":49}},"loc":{"start":{"line":145,"column":68},"end":{"line":150,"column":null}},"line":145},"22":{"name":"(anonymous_22)","decl":{"start":{"line":153,"column":38},"end":{"line":153,"column":45}},"loc":{"start":{"line":153,"column":64},"end":{"line":156,"column":null}},"line":153},"23":{"name":"(anonymous_23)","decl":{"start":{"line":159,"column":39},"end":{"line":159,"column":46}},"loc":{"start":{"line":159,"column":65},"end":{"line":162,"column":null}},"line":159},"24":{"name":"(anonymous_24)","decl":{"start":{"line":165,"column":39},"end":{"line":165,"column":46}},"loc":{"start":{"line":165,"column":56},"end":{"line":167,"column":null}},"line":165},"25":{"name":"(anonymous_25)","decl":{"start":{"line":170,"column":40},"end":{"line":170,"column":47}},"loc":{"start":{"line":170,"column":66},"end":{"line":175,"column":null}},"line":170},"26":{"name":"(anonymous_26)","decl":{"start":{"line":178,"column":54},"end":{"line":178,"column":61}},"loc":{"start":{"line":178,"column":71},"end":{"line":180,"column":null}},"line":178},"27":{"name":"(anonymous_27)","decl":{"start":{"line":183,"column":40},"end":{"line":183,"column":47}},"loc":{"start":{"line":183,"column":66},"end":{"line":187,"column":null}},"line":183},"28":{"name":"(anonymous_28)","decl":{"start":{"line":190,"column":38},"end":{"line":190,"column":45}},"loc":{"start":{"line":190,"column":64},"end":{"line":194,"column":null}},"line":190},"29":{"name":"(anonymous_29)","decl":{"start":{"line":197,"column":38},"end":{"line":197,"column":45}},"loc":{"start":{"line":197,"column":64},"end":{"line":200,"column":null}},"line":197},"30":{"name":"(anonymous_30)","decl":{"start":{"line":203,"column":36},"end":{"line":203,"column":43}},"loc":{"start":{"line":203,"column":62},"end":{"line":212,"column":null}},"line":203},"31":{"name":"(anonymous_31)","decl":{"start":{"line":215,"column":44},"end":{"line":215,"column":51}},"loc":{"start":{"line":215,"column":61},"end":{"line":223,"column":null}},"line":215},"32":{"name":"(anonymous_32)","decl":{"start":{"line":226,"column":41},"end":{"line":226,"column":48}},"loc":{"start":{"line":226,"column":58},"end":{"line":228,"column":null}},"line":226},"33":{"name":"(anonymous_33)","decl":{"start":{"line":231,"column":48},"end":{"line":231,"column":55}},"loc":{"start":{"line":231,"column":65},"end":{"line":233,"column":null}},"line":231},"34":{"name":"(anonymous_34)","decl":{"start":{"line":236,"column":45},"end":{"line":236,"column":52}},"loc":{"start":{"line":236,"column":62},"end":{"line":238,"column":null}},"line":236}},"branchMap":{"0":{"loc":{"start":{"line":37,"column":2},"end":{"line":37,"column":null}},"type":"if","locations":[{"start":{"line":37,"column":2},"end":{"line":37,"column":null}},{"start":{},"end":{}}],"line":37},"1":{"loc":{"start":{"line":37,"column":6},"end":{"line":37,"column":29}},"type":"binary-expr","locations":[{"start":{"line":37,"column":6},"end":{"line":37,"column":16}},{"start":{"line":37,"column":16},"end":{"line":37,"column":29}}],"line":37},"2":{"loc":{"start":{"line":41,"column":2},"end":{"line":41,"column":null}},"type":"if","locations":[{"start":{"line":41,"column":2},"end":{"line":41,"column":null}},{"start":{},"end":{}}],"line":41},"3":{"loc":{"start":{"line":44,"column":2},"end":{"line":46,"column":null}},"type":"if","locations":[{"start":{"line":44,"column":2},"end":{"line":46,"column":null}},{"start":{},"end":{}}],"line":44},"4":{"loc":{"start":{"line":44,"column":6},"end":{"line":44,"column":63}},"type":"binary-expr","locations":[{"start":{"line":44,"column":6},"end":{"line":44,"column":35}},{"start":{"line":44,"column":35},"end":{"line":44,"column":63}}],"line":44},"5":{"loc":{"start":{"line":51,"column":33},"end":{"line":51,"column":64}},"type":"binary-expr","locations":[{"start":{"line":51,"column":33},"end":{"line":51,"column":61}},{"start":{"line":51,"column":61},"end":{"line":51,"column":64}}],"line":51},"6":{"loc":{"start":{"line":119,"column":34},"end":{"line":119,"column":65}},"type":"binary-expr","locations":[{"start":{"line":119,"column":34},"end":{"line":119,"column":62}},{"start":{"line":119,"column":62},"end":{"line":119,"column":65}}],"line":119},"7":{"loc":{"start":{"line":124,"column":34},"end":{"line":124,"column":65}},"type":"binary-expr","locations":[{"start":{"line":124,"column":34},"end":{"line":124,"column":62}},{"start":{"line":124,"column":62},"end":{"line":124,"column":65}}],"line":124},"8":{"loc":{"start":{"line":140,"column":2},"end":{"line":140,"column":null}},"type":"if","locations":[{"start":{"line":140,"column":2},"end":{"line":140,"column":null}},{"start":{},"end":{}}],"line":140},"9":{"loc":{"start":{"line":141,"column":43},"end":{"line":141,"column":56}},"type":"binary-expr","locations":[{"start":{"line":141,"column":43},"end":{"line":141,"column":54}},{"start":{"line":141,"column":54},"end":{"line":141,"column":56}}],"line":141},"10":{"loc":{"start":{"line":147,"column":2},"end":{"line":147,"column":null}},"type":"if","locations":[{"start":{"line":147,"column":2},"end":{"line":147,"column":null}},{"start":{},"end":{}}],"line":147},"11":{"loc":{"start":{"line":148,"column":22},"end":{"line":148,"column":null}},"type":"cond-expr","locations":[{"start":{"line":148,"column":51},"end":{"line":148,"column":77}},{"start":{"line":148,"column":77},"end":{"line":148,"column":null}}],"line":148},"12":{"loc":{"start":{"line":149,"column":48},"end":{"line":149,"column":61}},"type":"binary-expr","locations":[{"start":{"line":149,"column":48},"end":{"line":149,"column":59}},{"start":{"line":149,"column":59},"end":{"line":149,"column":61}}],"line":149},"13":{"loc":{"start":{"line":154,"column":17},"end":{"line":154,"column":null}},"type":"binary-expr","locations":[{"start":{"line":154,"column":17},"end":{"line":154,"column":45}},{"start":{"line":154,"column":45},"end":{"line":154,"column":null}}],"line":154},"14":{"loc":{"start":{"line":160,"column":17},"end":{"line":160,"column":null}},"type":"binary-expr","locations":[{"start":{"line":160,"column":17},"end":{"line":160,"column":45}},{"start":{"line":160,"column":45},"end":{"line":160,"column":null}}],"line":160},"15":{"loc":{"start":{"line":172,"column":20},"end":{"line":172,"column":null}},"type":"binary-expr","locations":[{"start":{"line":172,"column":20},"end":{"line":172,"column":51}},{"start":{"line":172,"column":51},"end":{"line":172,"column":null}}],"line":172},"16":{"loc":{"start":{"line":173,"column":17},"end":{"line":173,"column":null}},"type":"binary-expr","locations":[{"start":{"line":173,"column":17},"end":{"line":173,"column":45}},{"start":{"line":173,"column":45},"end":{"line":173,"column":null}}],"line":173},"17":{"loc":{"start":{"line":184,"column":17},"end":{"line":184,"column":null}},"type":"binary-expr","locations":[{"start":{"line":184,"column":17},"end":{"line":184,"column":45}},{"start":{"line":184,"column":45},"end":{"lin
[...]
)","decl":{"start":{"line":385,"column":52},"end":{"line":385,"column":null}},"loc":{"start":{"line":388,"column":2},"end":{"line":393,"column":null}},"line":388},"20":{"name":"(anonymous_20)","decl":{"start":{"line":400,"column":41},"end":{"line":400,"column":51}},"loc":{"start":{"line":400,"column":92},"end":{"line":405,"column":null}},"line":400},"21":{"name":"(anonymous_21)","decl":{"start":{"line":410,"column":49},"end":{"line":410,"column":null}},"loc":{"start":{"line":413,"column":2},"end":{"line":418,"column":null}},"line":413},"22":{"name":"(anonymous_22)","decl":{"start":{"line":423,"column":44},"end":{"line":423,"column":54}},"loc":{"start":{"line":423,"column":95},"end":{"line":428,"column":null}},"line":423},"23":{"name":"(anonymous_23)","decl":{"start":{"line":433,"column":52},"end":{"line":433,"column":null}},"loc":{"start":{"line":436,"column":2},"end":{"line":441,"column":null}},"line":436}},"branchMap":{},"s":{"0":30,"1":1,"2":30,"3":0,"4":30,"5":1,"6":30,"7":0,"8":30,"9":0,"10":30,"11":0,"12":30,"13":1,"14":30,"15":0,"16":30,"17":0,"18":30,"19":0,"20":30,"21":0,"22":30,"23":0,"24":30,"25":0,"26":30,"27":0,"28":30,"29":0,"30":30,"31":0,"32":30,"33":1,"34":30,"35":0,"36":30,"37":1,"38":30,"39":0,"40":30,"41":1,"42":30,"43":0,"44":30,"45":1,"46":30,"47":0},"f":{"0":1,"1":0,"2":1,"3":0,"4":0,"5":0,"6":1,"7":0,"8":0,"9":0,"10":0,"11":0,"12":0,"13":0,"14":0,"15":0,"16":1,"17":0,"18":1,"19":0,"20":1,"21":0,"22":1,"23":0},"b":{},"meta":{"lastBranch":0,"lastFunction":24,"lastStatement":48,"seen":{"s:150:0:155:Infinity":0,"f:150:38:150:48":0,"s:151:2:154:Infinity":1,"s:160:0:165:Infinity":2,"f:160:45:160:55":1,"s:161:2:164:Infinity":3,"s:170:0:175:Infinity":4,"f:170:41:170:51":2,"s:171:2:174:Infinity":5,"s:180:0:185:Infinity":6,"f:180:48:180:58":3,"s:181:2:184:Infinity":7,"s:192:0:198:Infinity":8,"f:192:36:192:46":4,"s:193:2:197:Infinity":9,"s:203:0:213:Infinity":10,"f:203:43:203:Infinity":5,"s:208:2:212:Infinity":11,"s:218:0:228:Infinity":12,"f:218:40:218:Infinity":6,"s:223:2:227:Infinity":13,"s:233:0:243:Infinity":14,"f:233:47:233:Infinity":7,"s:238:2:242:Infinity":15,"s:250:0:255:Infinity":16,"f:250:41:250:51":8,"s:251:2:254:Infinity":17,"s:260:0:265:Infinity":18,"f:260:48:260:58":9,"s:261:2:264:Infinity":19,"s:270:0:275:Infinity":20,"f:270:44:270:54":10,"s:271:2:274:Infinity":21,"s:280:0:285:Infinity":22,"f:280:51:280:61":11,"s:281:2:284:Infinity":23,"s:290:0:300:Infinity":24,"f:290:38:290:Infinity":12,"s:295:2:299:Infinity":25,"s:305:0:315:Infinity":26,"f:305:45:305:Infinity":13,"s:310:2:314:Infinity":27,"s:320:0:330:Infinity":28,"f:320:41:320:Infinity":14,"s:325:2:329:Infinity":29,"s:335:0:345:Infinity":30,"f:335:48:335:Infinity":15,"s:340:2:344:Infinity":31,"s:352:0:357:Infinity":32,"f:352:41:352:51":16,"s:353:2:356:Infinity":33,"s:362:0:370:Infinity":34,"f:362:49:362:Infinity":17,"s:366:2:369:Infinity":35,"s:375:0:380:Infinity":36,"f:375:44:375:54":18,"s:376:2:379:Infinity":37,"s:385:0:393:Infinity":38,"f:385:52:385:Infinity":19,"s:389:2:392:Infinity":39,"s:400:0:405:Infinity":40,"f:400:41:400:51":20,"s:401:2:404:Infinity":41,"s:410:0:418:Infinity":42,"f:410:49:410:Infinity":21,"s:414:2:417:Infinity":43,"s:423:0:428:Infinity":44,"f:423:44:423:54":22,"s:424:2:427:Infinity":45,"s:433:0:441:Infinity":46,"f:433:52:433:Infinity":23,"s:437:2:440:Infinity":47}}}
,"D:\\xampp\\htdocs\\mongez\\node\\@warlock.js\\seal\\src\\validators\\methods\\required-methods.ts": {"path":"D:\\xampp\\htdocs\\mongez\\node\\@warlock.js\\seal\\src\\validators\\methods\\required-methods.ts","statementMap":{"0":{"start":{"line":257,"column":0},"end":{"line":259,"column":null}},"1":{"start":{"line":258,"column":2},"end":{"line":258,"column":null}},"2":{"start":{"line":264,"column":0},"end":{"line":266,"column":null}},"3":{"start":{"line":265,"column":2},"end":{"line":265,"column":null}},"4":{"start":{"line":275,"column":0},"end":{"line":280,"column":null}},"5":{"start":{"line":276,"column":19},"end":{"line":276,"column":null}},"6":{"start":{"line":277,"column":2},"end":{"line":277,"column":null}},"7":{"start":{"line":278,"column":2},"end":{"line":278,"column":null}},"8":{"start":{"line":279,"column":2},"end":{"line":279,"column":null}},"9":{"start":{"line":285,"column":0},"end":{"line":291,"column":null}},"10":{"start":{"line":289,"column":19},"end":{"line":289,"column":null}},"11":{"start":{"line":290,"column":2},"end":{"line":290,"column":null}},"12":{"start":{"line":298,"column":0},"end":{"line":300,"column":null}},"13":{"start":{"line":299,"column":2},"end":{"line":299,"column":null}},"14":{"start":{"line":305,"column":0},"end":{"line":307,"column":null}},"15":{"start":{"line":306,"column":2},"end":{"line":306,"column":null}},"16":{"start":{"line":312,"column":0},"end":{"line":314,"column":null}},"17":{"start":{"line":313,"column":2},"end":{"line":313,"column":null}},"18":{"start":{"line":319,"column":0},"end":{"line":321,"column":null}},"19":{"start":{"line":320,"column":2},"end":{"line":320,"column":null}},"20":{"start":{"line":328,"column":0},"end":{"line":330,"column":null}},"21":{"start":{"line":329,"column":2},"end":{"line":329,"column":null}},"22":{"start":{"line":335,"column":0},"end":{"line":341,"column":null}},"23":{"start":{"line":340,"column":2},"end":{"line":340,"column":null}},"24":{"start":{"line":346,"column":0},"end":{"line":352,"column":null}},"25":{"start":{"line":351,"column":2},"end":{"line":351,"column":null}},"26":{"start":{"line":357,"column":0},"end":{"line":363,"column":null}},"27":{"start":{"line":362,"column":2},"end":{"line":362,"column":null}},"28":{"start":{"line":370,"column":0},"end":{"line":372,"column":null}},"29":{"start":{"line":371,"column":2},"end":{"line":371,"column":null}},"30":{"start":{"line":377,"column":0},"end":{"line":379,"column":null}},"31":{"start":{"line":378,"column":2},"end":{"line":378,"column":null}},"32":{"start":{"line":384,"column":0},"end":{"line":386,"column":null}},"33":{"start":{"line":385,"column":2},"end":{"line":385,"column":null}},"34":{"start":{"line":391,"column":0},"end":{"line":396,"column":null}},"35":{"start":{"line":395,"column":2},"end":{"line":395,"column":null}},"36":{"start":{"line":403,"column":0},"end":{"line":405,"column":null}},"37":{"start":{"line":404,"column":2},"end":{"line":404,"column":null}},"38":{"start":{"line":410,"column":0},"end":{"line":415,"column":null}},"39":{"start":{"line":414,"column":2},"end":{"line":414,"column":null}},"40":{"start":{"line":420,"column":0},"end":{"line":422,"column":null}},"41":{"start":{"line":421,"column":2},"end":{"line":421,"column":null}},"42":{"start":{"line":427,"column":0},"end":{"line":432,"column":null}},"43":{"start":{"line":431,"column":2},"end":{"line":431,"column":null}},"44":{"start":{"line":437,"column":0},"end":{"line":439,"column":null}},"45":{"start":{"line":438,"column":2},"end":{"line":438,"column":null}},"46":{"start":{"line":444,"column":0},"end":{"line":452,"column":null}},"47":{"start":{"line":448,"column":2},"end":{"line":451,"column":null}},"48":{"start":{"line":457,"column":0},"end":{"line":459,"column":null}},"49":{"start":{"line":458,"column":2},"end":{"line":458,"column":null}},"50":{"start":{"line":464,"column":0},"end":{"line":472,"column":null}},"51":{"start":{"line":468,"column":2},"end":{"line":471,"column":null}},"52":{"start":{"line":477,"column":0},"end":{"line":483,"column":null}},"53":{"start":{"line":482,"column":2},"end":{"line":482,"column":null}},"54":{"start":{"line":488,"column":0},"end":{"line":494,"column":null}},"55":{"start":{"line":493,"column":2},"end":{"line":493,"column":null}},"56":{"start":{"line":499,"column":0},"end":{"line":509,"column":null}},"57":{"start":{"line":504,"column":2},"end":{"line":508,"column":null}},"58":{"start":{"line":514,"column":0},"end":{"line":524,"column":null}},"59":{"start":{"line":519,"column":2},"end":{"line":523,"column":null}},"60":{"start":{"line":531,"column":0},"end":{"line":533,"column":null}},"61":{"start":{"line":532,"column":2},"end":{"line":532,"column":null}},"62":{"start":{"line":538,"column":0},"end":{"line":543,"column":null}},"63":{"start":{"line":542,"column":2},"end":{"line":542,"column":null}},"64":{"start":{"line":548,"column":0},"end":{"line":550,"column":null}},"65":{"start":{"line":549,"column":2},"end":{"line":549,"column":null}},"66":{"start":{"line":555,"column":0},"end":{"line":560,"column":null}},"67":{"start":{"line":559,"column":2},"end":{"line":559,"column":null}},"68":{"start":{"line":567,"column":0},"end":{"line":569,"column":null}},"69":{"start":{"line":568,"column":2},"end":{"line":568,"column":null}},"70":{"start":{"line":574,"column":0},"end":{"line":579,"column":null}},"71":{"start":{"line":578,"column":2},"end":{"line":578,"column":null}},"72":{"start":{"line":584,"column":0},"end":{"line":586,"column":null}},"73":{"start":{"line":585,"column":2},"end":{"line":585,"column":null}},"74":{"start":{"line":591,"column":0},"end":{"line":596,"column":null}},"75":{"start":{"line":595,"column":2},"end":{"line":595,"column":null}},"76":{"start":{"line":604,"column":0},"end":{"line":609,"column":null}},"77":{"start":{"line":608,"column":2},"end":{"line":608,"column":null}}},"fnMap":{"0":{"name":"(anonymous_0)","decl":{"start":{"line":257,"column":35},"end":{"line":257,"column":45}},"loc":{"start":{"line":257,"column":68},"end":{"line":259,"column":null}},"line":257},"1":{"name":"(anonymous_1)","decl":{"start":{"line":264,"column":34},"end":{"line":264,"column":44}},"loc":{"start":{"line":264,"column":67},"end":{"line":266,"column":null}},"line":264},"2":{"name":"(anonymous_2)","decl":{"start":{"line":275,"column":35},"end":{"line":275,"column":85}},"loc":{"start":{"line":275,"column":85},"end":{"line":280,"column":null}},"line":275},"3":{"name":"(anonymous_3)","decl":{"start":{"line":285,"column":34},"end":{"line":285,"column":null}},"loc":{"start":{"line":288,"column":2},"end":{"line":291,"column":null}},"line":288},"4":{"name":"(anonymous_4)","decl":{"start":{"line":298,"column":39},"end":{"line":298,"column":49}},"loc":{"start":{"line":298,"column":87},"end":{"line":300,"column":null}},"line":298},"5":{"name":"(anonymous_5)","decl":{"start":{"line":305,"column":46},"end":{"line":305,"column":56}},"loc":{"start":{"line":305,"column":94},"end":{"line":307,"column":null}},"line":305},"6":{"name":"(anonymous_6)","decl":{"start":{"line":312,"column":42},"end":{"line":312,"column":52}},"loc":{"start":{"line":312,"column":90},"end":{"line":314,"column":null}},"line":312},"7":{"name":"(anonymous_7)","decl":{"start":{"line":319,"column":49},"end":{"line":319,"column":59}},"loc":{"start":{"line":319,"column":97},"end":{"line":321,"column":null}},"line":319},"8":{"name":"(anonymous_8)","decl":{"start":{"line":328,"column":37},"end":{"line":328,"column":47}},"loc":{"start":{"line":328,"column":97},"end":{"line":330,"column":null}},"line":328},"9":{"name":"(anonymous_9)","decl":{"start":{"line":335,"column":44},"end":{"line":335,"column":null}},"loc":{"start":{"line":339,"column":2},"end":{"line":341,"column":null}},"line":339},"10":{"name":"(anonymous_10)","decl":{"start":{"line":346,"column":41},"end":{"line":346,"column":null}},"loc":{"start":{"line":350,"column":2},"end":{"line":352,"column":null}},"line":350},"11":{"name":"(anonymous_11)","decl":{"start":{"line":357,"column":48},"end":{"line":357,"column":null}},"loc":{"start":{"line":361,"column":2},"end":{"line":363,"column":null}},"line":361},"12":{"name":"(anonymous_12)","decl":{"start":{"line":370,"column":42},"end":{"line":370,"column":52}},"loc":{"start":{"line":370,"column":90},"end":{"line":372,"column":null}},"line":370},"13":{"name":"(anonymous_13)","decl":{"start":{"line":377,"column":49},"end":{"line":377,"column":59}},"loc":{"start":{"line":377,"column":97},"end":{"line":379,"column":null}},"line":377},"14":{"name":"(anonymous_14)","decl":{"start":{"line":384,"column":45},"end":{"line":384,"column":55}},"loc":{"start":{"line":384,"column":93},"end":{"line":386,"column":null}},"line":384},"15":{"name":"(anonymous_15)","decl":{"start":{"line":391,"column":52},"end":{"line":391,"column":null}},"loc":{"start":{"line":394,"column":2},"end":{"line":396,"column":null}},"line":394},"16":{"name":"(anonymous_16)","decl":{"start":{"line":403,"column":45},"end":{"line":403,"column":55}},"loc":{"start":{"line":403,"column":96},"end":{"line":405,"column":null}},"line":403},"17":{"name":"(anonymous_17)","decl":{"start":{"line":410,"column":53},"end":{"line":410,"column":null}},"loc":{"start":{"line":413,"column":2},"end":{"line":415,"column":null}},"line":413},"18":{"name":"(anonymous_18)","decl":{"start":{"line":420,"column":45},"end":{"line":420,"column":55}},"loc":{"start":{"line":420,"column":96},"end":{"line":422,"column":null}},"line":420},"19":{"name":"(anonymous_19)","decl":{"start":{"line":427,"column":53},"end":{"line":427,"column":null}},"loc":{"start":{"line":430,"column":2},"end":{"line":432,"column":null}},"line":430},"20":{"name":"(anonymous_20)","decl":{"start":{"line":437,"column":48},"end":{"line":437,"column":58}},"loc":{"start":{"line":437,"column":99},"end":{"line":439,"column":null}},"line":437},"21":{"name":"(anonymous_21)","decl":{"start":{"line":444,"column":56},"end":{"line":444,"column":null}},"loc":{"start":{"line":447,"column":2},"end":{"line":452,"column":null}},"line":447},"22":{"name":"(anonymous_22)","decl":{"start":{"line":457,"column":48},"end":{"line":457,"column":58}},"loc":{"start":{"line":457,"column":99},"end":{"line":459,"column":null}},"line":457},"23":{"name":"(anonymous_23)","decl":{"start":{"line":464,"column":56},"end":{"line":464,"column":null}},"loc":{"start":{"line":467,"column":2},"end":{"line":472,"column":null}},"line":467},"24":{"name":"(anonymous_24)","decl":{"start":{"line":477,"column":39},"end":{"line":477,"column":null}},"loc":{"start":{"line":481,"column":2},"end":{"line":483,"column":null}},"line":481},"25":{"name":"(anonymous_25)","decl":{"start":{"line":488,"column":46},"end":{"line":488,"column":null}},"loc":{"start":{"line":492,"column":2},"end":{"line":494,"column":null}},"line":492},"26":{"name":"(anonymous_26)","decl":{"start":{"line":499,"column":42},"end":{"line":499,"column":null}},"loc":{"start":{"line":503,"column":2},"end":{"line":509,"column":null}},"line":503},"27":{"name":"(anonymous_27)","decl":{"start":{"line":514,"column":49},"end":{"line":514,"column":null}},"loc":{"start":{"line":518,"column":2},"end":{"line":524,"column":null}},"line":518},"28":{"name":"(anonymous_28)","decl":{"start":{"line":531,"column":42},"end":{"line":531,"column":52}},"loc":{"start":{"line":531,"column":93},"end":{"line":533,"column":null}},"line":531},"29":{"name":"(anonymous_29)","decl":{"start":{"line":538,"column":50},"end":{"line":538,"column":null}},"loc":{"start":{"line":541,"column":2},"end":{"line":543,"column":null}},"line":541},"30":{"name":"(anonymous_30)","decl":{"start":{"line":548,"column":45},"end":{"line":548,"column":55}},"loc":{"start":{"line":548,"column":96},"end":{"line":550,"column":null}},"line":548},"31":{"name":"(anonymous_31)","decl":{"start":{"line":555,"column":53},"end":{"line":555,"column":null}},"loc":{"start":{"line":558,"column":2},"end":{"line":560,"column":null}},"line":558},"32":{"name":"(anonymous_32)","decl":{"start":{"line":567,"column":42},"end":{"line":567,"column":52}},"loc":{"start":{"line":567,"column":93},"end":{"line":569,"column":null}},"line":567},"33":{"name":"(anonymous_33)","decl":{"start":{"line":574,"column":50},"end":{"line":574,"column":null}},"loc":{"start":{"line":577,"column":2},"end":{"line":579,"column":null}},"line":577},"34":{"name":"(anonymous_34)","decl":{"start":{"line":584,"column":45},"end":{"line":584,"column":55}},"loc":{"start":{"line":584,"column":96},"end":{"line":586,"column":null}},"line":584},"35":{"name":"(anonymous_35)","decl":{"start":{"line":591,"column":53},"end":{"line":591,"column":null}},"loc":{"start":{"line":594,"column":2},"end":{"line":596,"column":null}},"line":594},"36":{"name":"(anonymous_36)","decl":{"start":{"line":604,"column":39},"end":{"line":604,"column":null}},"loc":{"start":{"line":607,"column":2},"end":{"line":609,"column":null}},"line":607}},"branchMap":{},"s":{"0":30,"1":15,"2":30,"3":1,"4":30,"5":88,"6":88,"7":88,"8":88,"9":30,"10":1,"11":1,"12":30,"13":1,"14":30,"15":0,"16":30,"17":1,"18":30,"19":0,"20":30,"21":1,"22":30,"23":0,"24":30,"25":1,"26":30,"27":0,"28":30,"29":0,"30":30,"31":0,"32":30,"33":0,"34":30,"35":0,"36":30,"37":0,"38":30,"39":0,"40":30,"41":0,"42":30,"43":0,"44":30,"45":0,"46":30,"47":0,"48":30,"49":0,"50":30,"51":0,"52":30,"53":0,"54":30,"55":0,"56":30,"57":0,"58":30,"59":0,"60":30,"61":1,"62":30,"63":0,"64":30,"65":1,"66":30,"67":0,"68":30,"69":1,"70":30,"71":0,"72":30,"73":1,"74":30,"75":0,"76":30,"77":0},"f":{"0":15,"1":1,"2":88,"3":1,"4":1,"5":0,"6":1,"7":0,"8":1,"9":0,"10":1,"11":0,"12":0,"13":0,"14":0,"15":0,"16":0,"17":0,"18":0,"19":0,"20":0,"21":0,"22":0,"23":0,"24":0,"25":0,"26":0,"27":0,"28":1,"29":0,"30":1,"31":0,"32":1,"33":0,"34":1,"35":0,"36":0},"b":{},"meta":{"lastBranch":0,"lastFunction":37,"lastStatement":78,"seen":{"s:257:0:259:Infinity":0,"f:257:35:257:45":0,"s:258:2:258:Infinity":1,"s:264:0:266:Infinity":2,"f:264:34:264:44":1,"s:265:2:265:Infinity":3,"s:275:0:280:Infinity":4,"f:275:35:275:85":2,"s:276:19:276:Infinity":5,"s:277:2:277:Infinity":6,"s:278:2:278:Infinity":7,"s:279:2:279:Infinity":8,"s:285:0:291:Infinity":9,"f:285:34:285:Infinity":3,"s:289:19:289:Infinity":10,"s:290:2:290:Infinity":11,"s:298:0:300:Infinity":12,"f:298:39:298:49":4,"s:299:2:299:Infinity":13,"s:305:0:307:Infinity":14,"f:305:46:305:56":5,"s:306:2:306:Infinity":15,"s:312:0:314:Infinity":16,"f:312:42:312:52":6,"s:313:2:313:Infinity":17,"s:319:0:321:Infinity":18,"f:319:49:319:59":7,"s:320:2:320:Infinity":19,"s:328:0:330:Infinity":20,"f:328:37:328:47":8,"s:329:2:329:Infinity":21,"s:335:0:341:Infinity":22,"f:335:44:335:Infinity":9,"s:340:2:340:Infinity":23,"s:346:0:352:Infinity":24,"f:346:41:346:Infinity":10,"s:351:2:351:Infinity":25,"s:357:0:363:Infinity":26,"f:357:48:357:Infinity":11,"s:362:2:362:Infinity":27,"s:370:0:372:Infinity":28,"f:370:42:370:52":12,"s:371:2:371:Infinity":29,"s:377:0:379:Infinity":30,"f:377:49:377:59":13,"s:378:2:378:Infinity":31,"s:384:0:386:Infinity":32,"f:384:45:384:55":14,"s:385:2:385:Infinity":33,"s:391:0:396:Infinity":34,"f:391:52:391:Infinity":15,"s:395:2:395:Infinity":35,"s:403:0:405:Infinity":36,"f:403:45:403:55":16,"s:404:2:404:Infinity":37,"s:410:0:415:Infinity":38,"f:410:53:410:Infinity":17,"s:414:2:414:Infinity":39,"s:420:0:422:Infinity":40,"f:420:45:420:55":18,"s:421:2:421:Infinity":41,"s:427:0:432:Infinity":42,"f:427:53:427:Infinity":19,"s:431:2:431:Infinity":43,"s:437:0:439:Infinity":44,"f:437:48:437:58":20,"s:438:2:438:Infinity":45,"s:444:0:452:Infinity":46,"f:444:56:444:Infinity":21,"s:448:2:451:Infinity":47,"s:457:0:459:Infinity":48,"f:457:48:457:58":22,"s:458:2:458:Infinity":49,"s:464:0:472:Infinity":50,"f:464:56:464:Infinity":23,"s:468:2:471:Infinity":51,"s:477:0:483:Infinity":52,"f:477:39:477:Infinity":24,"s:482:2:482:Infinity":53,"s:488:0:494:Infinity":54,"f:488:46:488:Infinity":25,"s:493:2:493:Infinity":55,"s:499:0:509:Infinity":56,"f:499:42:499:Infinity":26,"s:504:2:508:Infinity":57,"s:514:0:524:Infinity":58,"f:514:49:514:Infinity":27,"s:519:2:523:Infinity":59,"s:531:0:533:Infinity":60,"f:531:42:531:52":28,"s:532:2:532:Infinity":61,"s:538:0:543:Infinity":62,"f:538:50:538:Infinity":29,"s:542:2:542:Infinity":63,"s:548:0:550:Infinity":64,"f:548:45:548:55":30,"s:549:2:549:Infinity":65,"s:555:0:560:Infinity":66,"f:555:53:555:Infinity":31,"s:559:2:559:Infinity":67,"s:567:0:569:Infinity":68,"f:567:42:567:52":32,"s:568:2:568:Infinity":69,"s:574:0:579:Infinity":70,"f:574:50:574:Infinity":33,"s:578:2:578:Infinity":71,"s:584:0:586:Infinity":72,"f:584:45:584:55":34,"s:585:2:585:Infinity":73,"s:591:0:596:Infinity":74,"f:591:53:591:Infinity":35,"s:595:2:595:Infinity":75,"s:604:0:609:Infinity":76,"f:604:39:604:Infinity":36,"s:608:2:608:Infinity":77}}}
}
